{"/Users/sachinsharma/Downloads/GoTest/node-backend/app.js": {"path":"/Users/sachinsharma/Downloads/GoTest/node-backend/app.js","statementMap":{"0":{"start":{"line":1,"column":16},"end":{"line":1,"column":34}},"1":{"start":{"line":2,"column":13},"end":{"line":2,"column":28}},"2":{"start":{"line":3,"column":15},"end":{"line":3,"column":34}},"3":{"start":{"line":4,"column":15},"end":{"line":4,"column":34}},"4":{"start":{"line":5,"column":42},"end":{"line":5,"column":78}},"5":{"start":{"line":6,"column":22},"end":{"line":6,"column":52}},"6":{"start":{"line":7,"column":15},"end":{"line":7,"column":40}},"7":{"start":{"line":9,"column":12},"end":{"line":9,"column":21}},"8":{"start":{"line":12,"column":0},"end":{"line":12,"column":16}},"9":{"start":{"line":13,"column":0},"end":{"line":13,"column":24}},"10":{"start":{"line":14,"column":0},"end":{"line":14,"column":23}},"11":{"start":{"line":17,"column":0},"end":{"line":17,"column":16}},"12":{"start":{"line":20,"column":0},"end":{"line":20,"column":22}},"13":{"start":{"line":21,"column":0},"end":{"line":21,"column":25}},"14":{"start":{"line":24,"column":0},"end":{"line":28,"column":1}},"15":{"start":{"line":25,"column":2},"end":{"line":27,"column":5}},"16":{"start":{"line":26,"column":4},"end":{"line":26,"column":58}},"17":{"start":{"line":30,"column":0},"end":{"line":30,"column":21}}},"fnMap":{"0":{"name":"(anonymous_0)","decl":{"start":{"line":25,"column":26},"end":{"line":25,"column":27}},"loc":{"start":{"line":25,"column":32},"end":{"line":27,"column":3}},"line":25}},"branchMap":{"0":{"loc":{"start":{"line":24,"column":0},"end":{"line":28,"column":1}},"type":"if","locations":[{"start":{"line":24,"column":0},"end":{"line":28,"column":1}},{"start":{},"end":{}}],"line":24}},"s":{"0":1,"1":1,"2":1,"3":1,"4":1,"5":1,"6":1,"7":1,"8":1,"9":1,"10":1,"11":1,"12":1,"13":1,"14":1,"15":0,"16":0,"17":1},"f":{"0":0},"b":{"0":[0,1]},"_coverageSchema":"1a1c01bbd47fc00a2c39e90264f33305004495a9","hash":"5b02f1b00c8449a20c9dd89c26c9c22da66f0ca4"}
,"/Users/sachinsharma/Downloads/GoTest/node-backend/config/index.js": {"path":"/Users/sachinsharma/Downloads/GoTest/node-backend/config/index.js","statementMap":{"0":{"start":{"line":1,"column":0},"end":{"line":5,"column":2}}},"fnMap":{},"branchMap":{"0":{"loc":{"start":{"line":2,"column":8},"end":{"line":2,"column":32}},"type":"binary-expr","locations":[{"start":{"line":2,"column":8},"end":{"line":2,"column":24}},{"start":{"line":2,"column":28},"end":{"line":2,"column":32}}],"line":2},"1":{"loc":{"start":{"line":3,"column":18},"end":{"line":3,"column":71}},"type":"binary-expr","locations":[{"start":{"line":3,"column":18},"end":{"line":3,"column":44}},{"start":{"line":3,"column":48},"end":{"line":3,"column":71}}],"line":3},"2":{"loc":{"start":{"line":4,"column":12},"end":{"line":4,"column":49}},"type":"binary-expr","locations":[{"start":{"line":4,"column":12},"end":{"line":4,"column":32}},{"start":{"line":4,"column":36},"end":{"line":4,"column":49}}],"line":4}},"s":{"0":2},"f":{},"b":{"0":[2,2],"1":[2,2],"2":[2,0]},"_coverageSchema":"1a1c01bbd47fc00a2c39e90264f33305004495a9","hash":"a1e8c59836e9c5cdaedca73509e32575ad110687"}
,"/Users/sachinsharma/Downloads/GoTest/node-backend/controllers/cacheController.js": {"path":"/Users/sachinsharma/Downloads/GoTest/node-backend/controllers/cacheController.js","statementMap":{"0":{"start":{"line":1,"column":14},"end":{"line":1,"column":39}},"1":{"start":{"line":6,"column":22},"end":{"line":12,"column":1}},"2":{"start":{"line":7,"column":2},"end":{"line":9,"column":3}},"3":{"start":{"line":8,"column":4},"end":{"line":8,"column":65}},"4":{"start":{"line":10,"column":16},"end":{"line":10,"column":32}},"5":{"start":{"line":11,"column":2},"end":{"line":11,"column":18}},"6":{"start":{"line":14,"column":0},"end":{"line":16,"column":2}}},"fnMap":{"0":{"name":"(anonymous_0)","decl":{"start":{"line":6,"column":22},"end":{"line":6,"column":23}},"loc":{"start":{"line":6,"column":36},"end":{"line":12,"column":1}},"line":6}},"branchMap":{"0":{"loc":{"start":{"line":7,"column":2},"end":{"line":9,"column":3}},"type":"if","locations":[{"start":{"line":7,"column":2},"end":{"line":9,"column":3}},{"start":{},"end":{}}],"line":7}},"s":{"0":1,"1":1,"2":1,"3":0,"4":1,"5":1,"6":1},"f":{"0":1},"b":{"0":[0,1]},"_coverageSchema":"1a1c01bbd47fc00a2c39e90264f33305004495a9","hash":"4551ff80d17d77e5a7cb38fef98e088dfdbba642"}
,"/Users/sachinsharma/Downloads/GoTest/node-backend/controllers/healthController.js": {"path":"/Users/sachinsharma/Downloads/GoTest/node-backend/controllers/healthController.js","statementMap":{"0":{"start":{"line":1,"column":24},"end":{"line":1,"column":54}},"1":{"start":{"line":6,"column":18},"end":{"line":22,"column":1}},"2":{"start":{"line":7,"column":2},"end":{"line":21,"column":3}},"3":{"start":{"line":9,"column":21},"end":{"line":9,"column":49}},"4":{"start":{"line":10,"column":4},"end":{"line":14,"column":7}},"5":{"start":{"line":16,"column":4},"end":{"line":20,"column":7}},"6":{"start":{"line":24,"column":0},"end":{"line":26,"column":2}}},"fnMap":{"0":{"name":"(anonymous_0)","decl":{"start":{"line":6,"column":18},"end":{"line":6,"column":19}},"loc":{"start":{"line":6,"column":38},"end":{"line":22,"column":1}},"line":6}},"branchMap":{},"s":{"0":1,"1":1,"2":2,"3":2,"4":1,"5":1,"6":1},"f":{"0":2},"b":{},"_coverageSchema":"1a1c01bbd47fc00a2c39e90264f33305004495a9","hash":"b1b3d0eee4cf5f3bda3e0725aef36beac2ea68e1"}
,"/Users/sachinsharma/Downloads/GoTest/node-backend/controllers/productController.js": {"path":"/Users/sachinsharma/Downloads/GoTest/node-backend/controllers/productController.js","statementMap":{"0":{"start":{"line":1,"column":14},"end":{"line":1,"column":30}},"1":{"start":{"line":2,"column":0},"end":{"line":2,"column":27}},"2":{"start":{"line":3,"column":0},"end":{"line":26,"column":2}},"3":{"start":{"line":4,"column":2},"end":{"line":25,"column":3}},"4":{"start":{"line":6,"column":61},"end":{"line":6,"column":69}},"5":{"start":{"line":7,"column":22},"end":{"line":7,"column":53}},"6":{"start":{"line":8,"column":4},"end":{"line":8,"column":46}},"7":{"start":{"line":9,"column":23},"end":{"line":16,"column":6}},"8":{"start":{"line":17,"column":25},"end":{"line":17,"column":48}},"9":{"start":{"line":18,"column":4},"end":{"line":18,"column":46}},"10":{"start":{"line":20,"column":4},"end":{"line":20,"column":39}},"11":{"start":{"line":21,"column":4},"end":{"line":21,"column":30}},"12":{"start":{"line":23,"column":4},"end":{"line":23,"column":52}},"13":{"start":{"line":24,"column":4},"end":{"line":24,"column":61}},"14":{"start":{"line":28,"column":19},"end":{"line":28,"column":37}},"15":{"start":{"line":29,"column":19},"end":{"line":29,"column":28}},"16":{"start":{"line":30,"column":16},"end":{"line":30,"column":39}},"17":{"start":{"line":31,"column":13},"end":{"line":31,"column":25}},"18":{"start":{"line":32,"column":0},"end":{"line":40,"column":2}},"19":{"start":{"line":33,"column":2},"end":{"line":39,"column":3}},"20":{"start":{"line":34,"column":21},"end":{"line":34,"column":41}},"21":{"start":{"line":35,"column":4},"end":{"line":35,"column":23}},"22":{"start":{"line":37,"column":4},"end":{"line":37,"column":53}},"23":{"start":{"line":38,"column":4},"end":{"line":38,"column":61}},"24":{"start":{"line":43,"column":0},"end":{"line":66,"column":2}},"25":{"start":{"line":44,"column":24},"end":{"line":44,"column":34}},"26":{"start":{"line":45,"column":36},"end":{"line":45,"column":44}},"27":{"start":{"line":47,"column":2},"end":{"line":65,"column":3}},"28":{"start":{"line":48,"column":20},"end":{"line":48,"column":53}},"29":{"start":{"line":50,"column":4},"end":{"line":52,"column":5}},"30":{"start":{"line":51,"column":6},"end":{"line":51,"column":68}},"31":{"start":{"line":55,"column":4},"end":{"line":55,"column":55}},"32":{"start":{"line":58,"column":4},"end":{"line":58,"column":25}},"33":{"start":{"line":59,"column":4},"end":{"line":59,"column":71}},"34":{"start":{"line":61,"column":4},"end":{"line":61,"column":65}},"35":{"start":{"line":63,"column":4},"end":{"line":63,"column":47}},"36":{"start":{"line":64,"column":4},"end":{"line":64,"column":63}},"37":{"start":{"line":68,"column":0},"end":{"line":87,"column":2}},"38":{"start":{"line":69,"column":24},"end":{"line":69,"column":34}},"39":{"start":{"line":71,"column":2},"end":{"line":86,"column":3}},"40":{"start":{"line":72,"column":20},"end":{"line":72,"column":53}},"41":{"start":{"line":74,"column":4},"end":{"line":76,"column":5}},"42":{"start":{"line":75,"column":6},"end":{"line":75,"column":68}},"43":{"start":{"line":79,"column":23},"end":{"line":79,"column":41}},"44":{"start":{"line":81,"column":4},"end":{"line":81,"column":66}},"45":{"start":{"line":82,"column":4},"end":{"line":82,"column":37}},"46":{"start":{"line":84,"column":4},"end":{"line":84,"column":56}},"47":{"start":{"line":85,"column":4},"end":{"line":85,"column":63}},"48":{"start":{"line":89,"column":0},"end":{"line":108,"column":2}},"49":{"start":{"line":90,"column":24},"end":{"line":90,"column":34}},"50":{"start":{"line":92,"column":2},"end":{"line":107,"column":3}},"51":{"start":{"line":93,"column":20},"end":{"line":93,"column":53}},"52":{"start":{"line":95,"column":4},"end":{"line":97,"column":5}},"53":{"start":{"line":96,"column":6},"end":{"line":96,"column":68}},"54":{"start":{"line":100,"column":23},"end":{"line":100,"column":41}},"55":{"start":{"line":102,"column":4},"end":{"line":102,"column":66}},"56":{"start":{"line":103,"column":4},"end":{"line":103,"column":37}},"57":{"start":{"line":105,"column":4},"end":{"line":105,"column":56}},"58":{"start":{"line":106,"column":4},"end":{"line":106,"column":63}},"59":{"start":{"line":109,"column":0},"end":{"line":119,"column":2}},"60":{"start":{"line":110,"column":2},"end":{"line":118,"column":3}},"61":{"start":{"line":111,"column":22},"end":{"line":111,"column":36}},"62":{"start":{"line":112,"column":22},"end":{"line":112,"column":55}},"63":{"start":{"line":114,"column":4},"end":{"line":114,"column":24}},"64":{"start":{"line":116,"column":4},"end":{"line":116,"column":63}},"65":{"start":{"line":117,"column":4},"end":{"line":117,"column":61}},"66":{"start":{"line":120,"column":0},"end":{"line":123,"column":5}},"67":{"start":{"line":121,"column":16},"end":{"line":121,"column":61}},"68":{"start":{"line":122,"column":4},"end":{"line":122,"column":54}},"69":{"start":{"line":124,"column":0},"end":{"line":152,"column":2}},"70":{"start":{"line":125,"column":24},"end":{"line":125,"column":34}},"71":{"start":{"line":126,"column":46},"end":{"line":126,"column":54}},"72":{"start":{"line":128,"column":2},"end":{"line":151,"column":3}},"73":{"start":{"line":130,"column":20},"end":{"line":130,"column":53}},"74":{"start":{"line":132,"column":4},"end":{"line":134,"column":5}},"75":{"start":{"line":133,"column":6},"end":{"line":133,"column":68}},"76":{"start":{"line":137,"column":4},"end":{"line":137,"column":24}},"77":{"start":{"line":138,"column":4},"end":{"line":138,"column":38}},"78":{"start":{"line":139,"column":4},"end":{"line":139,"column":40}},"79":{"start":{"line":142,"column":4},"end":{"line":142,"column":25}},"80":{"start":{"line":144,"column":4},"end":{"line":147,"column":7}},"81":{"start":{"line":149,"column":4},"end":{"line":149,"column":52}},"82":{"start":{"line":150,"column":4},"end":{"line":150,"column":61}}},"fnMap":{"0":{"name":"(anonymous_0)","decl":{"start":{"line":3,"column":24},"end":{"line":3,"column":25}},"loc":{"start":{"line":3,"column":44},"end":{"line":26,"column":1}},"line":3},"1":{"name":"(anonymous_1)","decl":{"start":{"line":32,"column":25},"end":{"line":32,"column":26}},"loc":{"start":{"line":32,"column":45},"end":{"line":40,"column":1}},"line":32},"2":{"name":"(anonymous_2)","decl":{"start":{"line":43,"column":19},"end":{"line":43,"column":20}},"loc":{"start":{"line":43,"column":39},"end":{"line":66,"column":1}},"line":43},"3":{"name":"(anonymous_3)","decl":{"start":{"line":68,"column":24},"end":{"line":68,"column":25}},"loc":{"start":{"line":68,"column":44},"end":{"line":87,"column":1}},"line":68},"4":{"name":"(anonymous_4)","decl":{"start":{"line":89,"column":19},"end":{"line":89,"column":20}},"loc":{"start":{"line":89,"column":39},"end":{"line":108,"column":1}},"line":89},"5":{"name":"(anonymous_5)","decl":{"start":{"line":109,"column":30},"end":{"line":109,"column":31}},"loc":{"start":{"line":109,"column":50},"end":{"line":119,"column":1}},"line":109},"6":{"name":"(anonymous_6)","decl":{"start":{"line":120,"column":1},"end":{"line":120,"column":2}},"loc":{"start":{"line":120,"column":13},"end":{"line":123,"column":1}},"line":120},"7":{"name":"(anonymous_7)","decl":{"start":{"line":124,"column":24},"end":{"line":124,"column":25}},"loc":{"start":{"line":124,"column":44},"end":{"line":152,"column":1}},"line":124}},"branchMap":{"0":{"loc":{"start":{"line":7,"column":22},"end":{"line":7,"column":53}},"type":"cond-expr","locations":[{"start":{"line":7,"column":33},"end":{"line":7,"column":46}},{"start":{"line":7,"column":49},"end":{"line":7,"column":53}}],"line":7},"1":{"loc":{"start":{"line":50,"column":4},"end":{"line":52,"column":5}},"type":"if","locations":[{"start":{"line":50,"column":4},"end":{"line":52,"column":5}},{"start":{},"end":{}}],"line":50},"2":{"loc":{"start":{"line":74,"column":4},"end":{"line":76,"column":5}},"type":"if","locations":[{"start":{"line":74,"column":4},"end":{"line":76,"column":5}},{"start":{},"end":{}}],"line":74},"3":{"loc":{"start":{"line":95,"column":4},"end":{"line":97,"column":5}},"type":"if","locations":[{"start":{"line":95,"column":4},"end":{"line":97,"column":5}},{"start":{},"end":{}}],"line":95},"4":{"loc":{"start":{"line":132,"column":4},"end":{"line":134,"column":5}},"type":"if","locations":[{"start":{"line":132,"column":4},"end":{"line":134,"column":5}},{"start":{},"end":{}}],"line":132}},"s":{"0":1,"1":1,"2":1,"3":0,"4":0,"5":0,"6":0,"7":0,"8":0,"9":0,"10":0,"11":0,"12":0,"13":0,"14":1,"15":1,"16":1,"17":1,"18":1,"19":0,"20":0,"21":0,"22":0,"23":0,"24":1,"25":0,"26":0,"27":0,"28":0,"29":0,"30":0,"31":0,"32":0,"33":0,"34":0,"35":0,"36":0,"37":1,"38":0,"39":0,"40":0,"41":0,"42":0,"43":0,"44":0,"45":0,"46":0,"47":0,"48":1,"49":0,"50":0,"51":0,"52":0,"53":0,"54":0,"55":0,"56":0,"57":0,"58":0,"59":1,"60":0,"61":0,"62":0,"63":0,"64":0,"65":0,"66":1,"67":1,"68":0,"69":1,"70":0,"71":0,"72":0,"73":0,"74":0,"75":0,"76":0,"77":0,"78":0,"79":0,"80":0,"81":0,"82":0},"f":{"0":0,"1":0,"2":0,"3":0,"4":0,"5":0,"6":1,"7":0},"b":{"0":[0,0],"1":[0,0],"2":[0,0],"3":[0,0],"4":[0,0]},"_coverageSchema":"1a1c01bbd47fc00a2c39e90264f33305004495a9","hash":"c90cf4efdea37e61451ab785f4d8e47459ea8db8"}
,"/Users/sachinsharma/Downloads/GoTest/node-backend/controllers/statsController.js": {"path":"/Users/sachinsharma/Downloads/GoTest/node-backend/controllers/statsController.js","statementMap":{"0":{"start":{"line":1,"column":24},"end":{"line":1,"column":54}},"1":{"start":{"line":2,"column":15},"end":{"line":2,"column":41}},"2":{"start":{"line":3,"column":14},"end":{"line":3,"column":39}},"3":{"start":{"line":8,"column":17},"end":{"line":44,"column":1}},"4":{"start":{"line":9,"column":2},"end":{"line":43,"column":3}},"5":{"start":{"line":10,"column":18},"end":{"line":10,"column":49}},"6":{"start":{"line":13,"column":17},"end":{"line":13,"column":37}},"7":{"start":{"line":14,"column":4},"end":{"line":19,"column":5}},"8":{"start":{"line":15,"column":6},"end":{"line":18,"column":9}},"9":{"start":{"line":22,"column":27},"end":{"line":22,"column":50}},"10":{"start":{"line":23,"column":24},"end":{"line":23,"column":42}},"11":{"start":{"line":24,"column":4},"end":{"line":34,"column":5}},"12":{"start":{"line":25,"column":6},"end":{"line":33,"column":7}},"13":{"start":{"line":26,"column":23},"end":{"line":26,"column":46}},"14":{"start":{"line":27,"column":28},"end":{"line":27,"column":71}},"15":{"start":{"line":28,"column":8},"end":{"line":30,"column":9}},"16":{"start":{"line":29,"column":10},"end":{"line":29,"column":36}},"17":{"start":{"line":36,"column":4},"end":{"line":36,"column":19}},"18":{"start":{"line":38,"column":23},"end":{"line":38,"column":95}},"19":{"start":{"line":39,"column":4},"end":{"line":42,"column":7}},"20":{"start":{"line":49,"column":22},"end":{"line":58,"column":1}},"21":{"start":{"line":50,"column":2},"end":{"line":57,"column":3}},"22":{"start":{"line":51,"column":16},"end":{"line":51,"column":53}},"23":{"start":{"line":52,"column":23},"end":{"line":52,"column":39}},"24":{"start":{"line":53,"column":4},"end":{"line":53,"column":58}},"25":{"start":{"line":54,"column":4},"end":{"line":54,"column":25}},"26":{"start":{"line":56,"column":4},"end":{"line":56,"column":51}},"27":{"start":{"line":60,"column":0},"end":{"line":63,"column":2}}},"fnMap":{"0":{"name":"(anonymous_0)","decl":{"start":{"line":8,"column":17},"end":{"line":8,"column":18}},"loc":{"start":{"line":8,"column":37},"end":{"line":44,"column":1}},"line":8},"1":{"name":"(anonymous_1)","decl":{"start":{"line":49,"column":22},"end":{"line":49,"column":23}},"loc":{"start":{"line":49,"column":42},"end":{"line":58,"column":1}},"line":49}},"branchMap":{"0":{"loc":{"start":{"line":13,"column":17},"end":{"line":13,"column":37}},"type":"binary-expr","locations":[{"start":{"line":13,"column":17},"end":{"line":13,"column":28}},{"start":{"line":13,"column":32},"end":{"line":13,"column":37}}],"line":13},"1":{"loc":{"start":{"line":14,"column":4},"end":{"line":19,"column":5}},"type":"if","locations":[{"start":{"line":14,"column":4},"end":{"line":19,"column":5}},{"start":{},"end":{}}],"line":14},"2":{"loc":{"start":{"line":22,"column":27},"end":{"line":22,"column":50}},"type":"binary-expr","locations":[{"start":{"line":22,"column":27},"end":{"line":22,"column":45}},{"start":{"line":22,"column":49},"end":{"line":22,"column":50}}],"line":22},"3":{"loc":{"start":{"line":24,"column":4},"end":{"line":34,"column":5}},"type":"if","locations":[{"start":{"line":24,"column":4},"end":{"line":34,"column":5}},{"start":{},"end":{}}],"line":24},"4":{"loc":{"start":{"line":27,"column":28},"end":{"line":27,"column":71}},"type":"binary-expr","locations":[{"start":{"line":27,"column":28},"end":{"line":27,"column":41}},{"start":{"line":27,"column":45},"end":{"line":27,"column":66}},{"start":{"line":27,"column":70},"end":{"line":27,"column":71}}],"line":27},"5":{"loc":{"start":{"line":28,"column":8},"end":{"line":30,"column":9}},"type":"if","locations":[{"start":{"line":28,"column":8},"end":{"line":30,"column":9}},{"start":{},"end":{}}],"line":28},"6":{"loc":{"start":{"line":38,"column":23},"end":{"line":38,"column":95}},"type":"binary-expr","locations":[{"start":{"line":38,"column":23},"end":{"line":38,"column":39}},{"start":{"line":38,"column":44},"end":{"line":38,"column":94}}],"line":38},"7":{"loc":{"start":{"line":38,"column":44},"end":{"line":38,"column":94}},"type":"cond-expr","locations":[{"start":{"line":38,"column":85},"end":{"line":38,"column":88}},{"start":{"line":38,"column":91},"end":{"line":38,"column":94}}],"line":38},"8":{"loc":{"start":{"line":40,"column":13},"end":{"line":40,"column":53}},"type":"binary-expr","locations":[{"start":{"line":40,"column":13},"end":{"line":40,"column":26}},{"start":{"line":40,"column":30},"end":{"line":40,"column":53}}],"line":40},"9":{"loc":{"start":{"line":41,"column":12},"end":{"line":41,"column":41}},"type":"binary-expr","locations":[{"start":{"line":41,"column":12},"end":{"line":41,"column":22}},{"start":{"line":41,"column":26},"end":{"line":41,"column":41}}],"line":41},"10":{"loc":{"start":{"line":52,"column":23},"end":{"line":52,"column":39}},"type":"binary-expr","locations":[{"start":{"line":52,"column":23},"end":{"line":52,"column":32}},{"start":{"line":52,"column":36},"end":{"line":52,"column":39}}],"line":52},"11":{"loc":{"start":{"line":53,"column":25},"end":{"line":53,"column":56}},"type":"binary-expr","locations":[{"start":{"line":53,"column":25},"end":{"line":53,"column":42}},{"start":{"line":53,"column":46},"end":{"line":53,"column":56}}],"line":53}},"s":{"0":1,"1":1,"2":1,"3":1,"4":2,"5":2,"6":2,"7":2,"8":1,"9":1,"10":1,"11":1,"12":0,"13":0,"14":0,"15":0,"16":0,"17":1,"18":0,"19":0,"20":1,"21":0,"22":0,"23":0,"24":0,"25":0,"26":0,"27":1},"f":{"0":2,"1":0},"b":{"0":[2,2],"1":[1,1],"2":[1,0],"3":[0,1],"4":[0,0,0],"5":[0,0],"6":[0,0],"7":[0,0],"8":[0,0],"9":[0,0],"10":[0,0],"11":[0,0]},"_coverageSchema":"1a1c01bbd47fc00a2c39e90264f33305004495a9","hash":"205c632672848fb67d8d477bc8be2c599c9bbfe5"}
,"/Users/sachinsharma/Downloads/GoTest/node-backend/controllers/taskController.js": {"path":"/Users/sachinsharma/Downloads/GoTest/node-backend/controllers/taskController.js","statementMap":{"0":{"start":{"line":1,"column":24},"end":{"line":1,"column":54}},"1":{"start":{"line":2,"column":45},"end":{"line":2,"column":75}},"2":{"start":{"line":3,"column":15},"end":{"line":3,"column":41}},"3":{"start":{"line":4,"column":14},"end":{"line":4,"column":39}},"4":{"start":{"line":9,"column":20},"end":{"line":54,"column":1}},"5":{"start":{"line":10,"column":2},"end":{"line":53,"column":3}},"6":{"start":{"line":11,"column":19},"end":{"line":11,"column":41}},"7":{"start":{"line":12,"column":19},"end":{"line":12,"column":41}},"8":{"start":{"line":13,"column":21},"end":{"line":13,"column":91}},"9":{"start":{"line":15,"column":14},"end":{"line":15,"column":26}},"10":{"start":{"line":16,"column":4},"end":{"line":21,"column":5}},"11":{"start":{"line":17,"column":21},"end":{"line":17,"column":42}},"12":{"start":{"line":18,"column":6},"end":{"line":18,"column":50}},"13":{"start":{"line":18,"column":18},"end":{"line":18,"column":50}},"14":{"start":{"line":19,"column":6},"end":{"line":19,"column":50}},"15":{"start":{"line":19,"column":18},"end":{"line":19,"column":50}},"16":{"start":{"line":20,"column":6},"end":{"line":20,"column":37}},"17":{"start":{"line":23,"column":21},"end":{"line":23,"column":43}},"18":{"start":{"line":26,"column":18},"end":{"line":26,"column":64}},"19":{"start":{"line":27,"column":18},"end":{"line":27,"column":74}},"20":{"start":{"line":28,"column":19},"end":{"line":28,"column":35}},"21":{"start":{"line":31,"column":19},"end":{"line":31,"column":38}},"22":{"start":{"line":32,"column":22},"end":{"line":32,"column":23}},"23":{"start":{"line":33,"column":4},"end":{"line":40,"column":5}},"24":{"start":{"line":34,"column":6},"end":{"line":39,"column":7}},"25":{"start":{"line":35,"column":18},"end":{"line":35,"column":36}},"26":{"start":{"line":36,"column":8},"end":{"line":36,"column":56}},"27":{"start":{"line":41,"column":4},"end":{"line":43,"column":5}},"28":{"start":{"line":42,"column":6},"end":{"line":42,"column":50}},"29":{"start":{"line":45,"column":4},"end":{"line":45,"column":28}},"30":{"start":{"line":47,"column":23},"end":{"line":47,"column":95}},"31":{"start":{"line":48,"column":4},"end":{"line":48,"column":96}},"32":{"start":{"line":49,"column":4},"end":{"line":52,"column":7}},"33":{"start":{"line":59,"column":20},"end":{"line":79,"column":1}},"34":{"start":{"line":60,"column":2},"end":{"line":78,"column":3}},"35":{"start":{"line":61,"column":21},"end":{"line":61,"column":45}},"36":{"start":{"line":62,"column":19},"end":{"line":62,"column":38}},"37":{"start":{"line":63,"column":4},"end":{"line":65,"column":5}},"38":{"start":{"line":64,"column":6},"end":{"line":64,"column":42}},"39":{"start":{"line":67,"column":16},"end":{"line":67,"column":64}},"40":{"start":{"line":68,"column":17},"end":{"line":68,"column":33}},"41":{"start":{"line":69,"column":4},"end":{"line":69,"column":46}},"42":{"start":{"line":70,"column":4},"end":{"line":70,"column":19}},"43":{"start":{"line":72,"column":23},"end":{"line":72,"column":92}},"44":{"start":{"line":73,"column":4},"end":{"line":73,"column":99}},"45":{"start":{"line":74,"column":4},"end":{"line":77,"column":7}},"46":{"start":{"line":84,"column":19},"end":{"line":108,"column":1}},"47":{"start":{"line":85,"column":2},"end":{"line":107,"column":3}},"48":{"start":{"line":87,"column":23},"end":{"line":87,"column":45}},"49":{"start":{"line":88,"column":4},"end":{"line":93,"column":5}},"50":{"start":{"line":89,"column":6},"end":{"line":89,"column":108}},"51":{"start":{"line":90,"column":6},"end":{"line":92,"column":9}},"52":{"start":{"line":95,"column":16},"end":{"line":98,"column":6}},"53":{"start":{"line":99,"column":17},"end":{"line":99,"column":33}},"54":{"start":{"line":100,"column":4},"end":{"line":100,"column":30}},"55":{"start":{"line":101,"column":4},"end":{"line":101,"column":31}},"56":{"start":{"line":103,"column":23},"end":{"line":103,"column":86}},"57":{"start":{"line":104,"column":22},"end":{"line":104,"column":80}},"58":{"start":{"line":105,"column":4},"end":{"line":105,"column":90}},"59":{"start":{"line":106,"column":4},"end":{"line":106,"column":58}},"60":{"start":{"line":113,"column":19},"end":{"line":142,"column":1}},"61":{"start":{"line":114,"column":2},"end":{"line":141,"column":3}},"62":{"start":{"line":116,"column":23},"end":{"line":116,"column":51}},"63":{"start":{"line":117,"column":4},"end":{"line":122,"column":5}},"64":{"start":{"line":118,"column":6},"end":{"line":118,"column":108}},"65":{"start":{"line":119,"column":6},"end":{"line":121,"column":9}},"66":{"start":{"line":124,"column":16},"end":{"line":127,"column":6}},"67":{"start":{"line":128,"column":17},"end":{"line":128,"column":33}},"68":{"start":{"line":129,"column":4},"end":{"line":129,"column":30}},"69":{"start":{"line":130,"column":4},"end":{"line":130,"column":19}},"70":{"start":{"line":132,"column":4},"end":{"line":140,"column":5}},"71":{"start":{"line":133,"column":6},"end":{"line":133,"column":95}},"72":{"start":{"line":134,"column":6},"end":{"line":134,"column":56}},"73":{"start":{"line":136,"column":25},"end":{"line":136,"column":88}},"74":{"start":{"line":137,"column":24},"end":{"line":137,"column":82}},"75":{"start":{"line":138,"column":6},"end":{"line":138,"column":92}},"76":{"start":{"line":139,"column":6},"end":{"line":139,"column":60}},"77":{"start":{"line":144,"column":0},"end":{"line":149,"column":2}}},"fnMap":{"0":{"name":"(anonymous_0)","decl":{"start":{"line":9,"column":20},"end":{"line":9,"column":21}},"loc":{"start":{"line":9,"column":40},"end":{"line":54,"column":1}},"line":9},"1":{"name":"(anonymous_1)","decl":{"start":{"line":59,"column":20},"end":{"line":59,"column":21}},"loc":{"start":{"line":59,"column":40},"end":{"line":79,"column":1}},"line":59},"2":{"name":"(anonymous_2)","decl":{"start":{"line":84,"column":19},"end":{"line":84,"column":20}},"loc":{"start":{"line":84,"column":39},"end":{"line":108,"column":1}},"line":84},"3":{"name":"(anonymous_3)","decl":{"start":{"line":113,"column":19},"end":{"line":113,"column":20}},"loc":{"start":{"line":113,"column":39},"end":{"line":142,"column":1}},"line":113}},"branchMap":{"0":{"loc":{"start":{"line":11,"column":19},"end":{"line":11,"column":41}},"type":"binary-expr","locations":[{"start":{"line":11,"column":19},"end":{"line":11,"column":35}},{"start":{"line":11,"column":39},"end":{"line":11,"column":41}}],"line":11},"1":{"loc":{"start":{"line":12,"column":19},"end":{"line":12,"column":41}},"type":"binary-expr","locations":[{"start":{"line":12,"column":19},"end":{"line":12,"column":35}},{"start":{"line":12,"column":39},"end":{"line":12,"column":41}}],"line":12},"2":{"loc":{"start":{"line":13,"column":21},"end":{"line":13,"column":91}},"type":"cond-expr","locations":[{"start":{"line":13,"column":40},"end":{"line":13,"column":81}},{"start":{"line":13,"column":84},"end":{"line":13,"column":91}}],"line":13},"3":{"loc":{"start":{"line":13,"column":21},"end":{"line":13,"column":37}},"type":"binary-expr","locations":[{"start":{"line":13,"column":21},"end":{"line":13,"column":27}},{"start":{"line":13,"column":31},"end":{"line":13,"column":37}}],"line":13},"4":{"loc":{"start":{"line":16,"column":4},"end":{"line":21,"column":5}},"type":"if","locations":[{"start":{"line":16,"column":4},"end":{"line":21,"column":5}},{"start":{},"end":{}}],"line":16},"5":{"loc":{"start":{"line":16,"column":8},"end":{"line":16,"column":24}},"type":"binary-expr","locations":[{"start":{"line":16,"column":8},"end":{"line":16,"column":14}},{"start":{"line":16,"column":18},"end":{"line":16,"column":24}}],"line":16},"6":{"loc":{"start":{"line":18,"column":6},"end":{"line":18,"column":50}},"type":"if","locations":[{"start":{"line":18,"column":6},"end":{"line":18,"column":50}},{"start":{},"end":{}}],"line":18},"7":{"loc":{"start":{"line":19,"column":6},"end":{"line":19,"column":50}},"type":"if","locations":[{"start":{"line":19,"column":6},"end":{"line":19,"column":50}},{"start":{},"end":{}}],"line":19},"8":{"loc":{"start":{"line":26,"column":18},"end":{"line":26,"column":64}},"type":"binary-expr","locations":[{"start":{"line":26,"column":18},"end":{"line":26,"column":33}},{"start":{"line":26,"column":37},"end":{"line":26,"column":58}},{"start":{"line":26,"column":62},"end":{"line":26,"column":64}}],"line":26},"9":{"loc":{"start":{"line":27,"column":18},"end":{"line":27,"column":74}},"type":"binary-expr","locations":[{"start":{"line":27,"column":18},"end":{"line":27,"column":33}},{"start":{"line":27,"column":37},"end":{"line":27,"column":58}},{"start":{"line":27,"column":62},"end":{"line":27,"column":74}}],"line":27},"10":{"loc":{"start":{"line":33,"column":4},"end":{"line":40,"column":5}},"type":"if","locations":[{"start":{"line":33,"column":4},"end":{"line":40,"column":5}},{"start":{},"end":{}}],"line":33},"11":{"loc":{"start":{"line":36,"column":22},"end":{"line":36,"column":55}},"type":"binary-expr","locations":[{"start":{"line":36,"column":22},"end":{"line":36,"column":30}},{"start":{"line":36,"column":34},"end":{"line":36,"column":50}},{"start":{"line":36,"column":54},"end":{"line":36,"column":55}}],"line":36},"12":{"loc":{"start":{"line":41,"column":4},"end":{"line":43,"column":5}},"type":"if","locations":[{"start":{"line":41,"column":4},"end":{"line":43,"column":5}},{"start":{},"end":{}}],"line":41},"13":{"loc":{"start":{"line":41,"column":8},"end":{"line":41,"column":38}},"type":"binary-expr","locations":[{"start":{"line":41,"column":8},"end":{"line":41,"column":15}},{"start":{"line":41,"column":19},"end":{"line":41,"column":38}}],"line":41},"14":{"loc":{"start":{"line":47,"column":23},"end":{"line":47,"column":95}},"type":"binary-expr","locations":[{"start":{"line":47,"column":23},"end":{"line":47,"column":39}},{"start":{"line":47,"column":44},"end":{"line":47,"column":94}}],"line":47},"15":{"loc":{"start":{"line":47,"column":44},"end":{"line":47,"column":94}},"type":"cond-expr","locations":[{"start":{"line":47,"column":85},"end":{"line":47,"column":88}},{"start":{"line":47,"column":91},"end":{"line":47,"column":94}}],"line":47},"16":{"loc":{"start":{"line":50,"column":13},"end":{"line":50,"column":53}},"type":"binary-expr","locations":[{"start":{"line":50,"column":13},"end":{"line":50,"column":26}},{"start":{"line":50,"column":30},"end":{"line":50,"column":53}}],"line":50},"17":{"loc":{"start":{"line":51,"column":12},"end":{"line":51,"column":41}},"type":"binary-expr","locations":[{"start":{"line":51,"column":12},"end":{"line":51,"column":22}},{"start":{"line":51,"column":26},"end":{"line":51,"column":41}}],"line":51},"18":{"loc":{"start":{"line":63,"column":4},"end":{"line":65,"column":5}},"type":"if","locations":[{"start":{"line":63,"column":4},"end":{"line":65,"column":5}},{"start":{},"end":{}}],"line":63},"19":{"loc":{"start":{"line":68,"column":17},"end":{"line":68,"column":33}},"type":"binary-expr","locations":[{"start":{"line":68,"column":17},"end":{"line":68,"column":26}},{"start":{"line":68,"column":30},"end":{"line":68,"column":33}}],"line":68},"20":{"loc":{"start":{"line":72,"column":23},"end":{"line":72,"column":92}},"type":"binary-expr","locations":[{"start":{"line":72,"column":23},"end":{"line":72,"column":39}},{"start":{"line":72,"column":44},"end":{"line":72,"column":91}}],"line":72},"21":{"loc":{"start":{"line":72,"column":44},"end":{"line":72,"column":91}},"type":"cond-expr","locations":[{"start":{"line":72,"column":82},"end":{"line":72,"column":85}},{"start":{"line":72,"column":88},"end":{"line":72,"column":91}}],"line":72},"22":{"loc":{"start":{"line":75,"column":13},"end":{"line":75,"column":46}},"type":"binary-expr","locations":[{"start":{"line":75,"column":13},"end":{"line":75,"column":26}},{"start":{"line":75,"column":30},"end":{"line":75,"column":46}}],"line":75},"23":{"loc":{"start":{"line":76,"column":12},"end":{"line":76,"column":37}},"type":"binary-expr","locations":[{"start":{"line":76,"column":12},"end":{"line":76,"column":22}},{"start":{"line":76,"column":26},"end":{"line":76,"column":37}}],"line":76},"24":{"loc":{"start":{"line":88,"column":4},"end":{"line":93,"column":5}},"type":"if","locations":[{"start":{"line":88,"column":4},"end":{"line":93,"column":5}},{"start":{},"end":{}}],"line":88},"25":{"loc":{"start":{"line":99,"column":17},"end":{"line":99,"column":33}},"type":"binary-expr","locations":[{"start":{"line":99,"column":17},"end":{"line":99,"column":26}},{"start":{"line":99,"column":30},"end":{"line":99,"column":33}}],"line":99},"26":{"loc":{"start":{"line":103,"column":23},"end":{"line":103,"column":86}},"type":"binary-expr","locations":[{"start":{"line":103,"column":23},"end":{"line":103,"column":39}},{"start":{"line":103,"column":44},"end":{"line":103,"column":85}}],"line":103},"27":{"loc":{"start":{"line":103,"column":44},"end":{"line":103,"column":85}},"type":"cond-expr","locations":[{"start":{"line":103,"column":76},"end":{"line":103,"column":79}},{"start":{"line":103,"column":82},"end":{"line":103,"column":85}}],"line":103},"28":{"loc":{"start":{"line":104,"column":22},"end":{"line":104,"column":80}},"type":"cond-expr","locations":[{"start":{"line":104,"column":43},"end":{"line":104,"column":60}},{"start":{"line":104,"column":63},"end":{"line":104,"column":80}}],"line":104},"29":{"loc":{"start":{"line":117,"column":4},"end":{"line":122,"column":5}},"type":"if","locations":[{"start":{"line":117,"column":4},"end":{"line":122,"column":5}},{"start":{},"end":{}}],"line":117},"30":{"loc":{"start":{"line":128,"column":17},"end":{"line":128,"column":33}},"type":"binary-expr","locations":[{"start":{"line":128,"column":17},"end":{"line":128,"column":26}},{"start":{"line":128,"column":30},"end":{"line":128,"column":33}}],"line":128},"31":{"loc":{"start":{"line":132,"column":4},"end":{"line":140,"column":5}},"type":"if","locations":[{"start":{"line":132,"column":4},"end":{"line":140,"column":5}},{"start":{"line":135,"column":11},"end":{"line":140,"column":5}}],"line":132},"32":{"loc":{"start":{"line":132,"column":8},"end":{"line":132,"column":76}},"type":"binary-expr","locations":[{"start":{"line":132,"column":8},"end":{"line":132,"column":37}},{"start":{"line":132,"column":41},"end":{"line":132,"column":76}}],"line":132},"33":{"loc":{"start":{"line":136,"column":25},"end":{"line":136,"column":88}},"type":"binary-expr","locations":[{"start":{"line":136,"column":25},"end":{"line":136,"column":41}},{"start":{"line":136,"column":46},"end":{"line":136,"column":87}}],"line":136},"34":{"loc":{"start":{"line":136,"column":46},"end":{"line":136,"column":87}},"type":"cond-expr","locations":[{"start":{"line":136,"column":78},"end":{"line":136,"column":81}},{"start":{"line":136,"column":84},"end":{"line":136,"column":87}}],"line":136},"35":{"loc":{"start":{"line":137,"column":24},"end":{"line":137,"column":82}},"type":"cond-expr","locations":[{"start":{"line":137,"column":45},"end":{"line":137,"column":62}},{"start":{"line":137,"column":65},"end":{"line":137,"column":82}}],"line":137}},"s":{"0":1,"1":1,"2":1,"3":1,"4":1,"5":2,"6":2,"7":2,"8":2,"9":2,"10":2,"11":1,"12":1,"13":1,"14":1,"15":1,"16":1,"17":2,"18":2,"19":2,"20":2,"21":2,"22":2,"23":2,"24":0,"25":0,"26":0,"27":2,"28":2,"29":2,"30":0,"31":0,"32":0,"33":1,"34":0,"35":0,"36":0,"37":0,"38":0,"39":0,"40":0,"41":0,"42":0,"43":0,"44":0,"45":0,"46":1,"47":2,"48":2,"49":2,"50":1,"51":1,"52":1,"53":1,"54":1,"55":1,"56":0,"57":0,"58":0,"59":0,"60":1,"61":2,"62":2,"63":2,"64":1,"65":1,"66":1,"67":1,"68":1,"69":1,"70":0,"71":0,"72":0,"73":0,"74":0,"75":0,"76":0,"77":1},"f":{"0":2,"1":0,"2":2,"3":2},"b":{"0":[2,1],"1":[2,1],"2":[1,1],"3":[2,1],"4":[1,1],"5":[2,1],"6":[1,0],"7":[1,0],"8":[2,0,0],"9":[2,0,0],"10":[0,2],"11":[0,0,0],"12":[2,0],"13":[2,0],"14":[0,0],"15":[0,0],"16":[0,0],"17":[0,0],"18":[0,0],"19":[0,0],"20":[0,0],"21":[0,0],"22":[0,0],"23":[0,0],"24":[1,1],"25":[1,1],"26":[0,0],"27":[0,0],"28":[0,0],"29":[1,1],"30":[1,1],"31":[0,0],"32":[0,0],"33":[0,0],"34":[0,0],"35":[0,0]},"_coverageSchema":"1a1c01bbd47fc00a2c39e90264f33305004495a9","hash":"d788802db9afbf0aa583e87f00691fe9b631aa7c"}
,"/Users/sachinsharma/Downloads/GoTest/node-backend/controllers/userController.js": {"path":"/Users/sachinsharma/Downloads/GoTest/node-backend/controllers/userController.js","statementMap":{"0":{"start":{"line":1,"column":24},"end":{"line":1,"column":54}},"1":{"start":{"line":2,"column":25},"end":{"line":2,"column":55}},"2":{"start":{"line":3,"column":15},"end":{"line":3,"column":41}},"3":{"start":{"line":4,"column":14},"end":{"line":4,"column":39}},"4":{"start":{"line":6,"column":24},"end":{"line":6,"column":31}},"5":{"start":{"line":11,"column":20},"end":{"line":34,"column":1}},"6":{"start":{"line":12,"column":2},"end":{"line":33,"column":3}},"7":{"start":{"line":13,"column":19},"end":{"line":13,"column":45}},"8":{"start":{"line":14,"column":4},"end":{"line":16,"column":5}},"9":{"start":{"line":15,"column":6},"end":{"line":15,"column":42}},"10":{"start":{"line":18,"column":21},"end":{"line":18,"column":52}},"11":{"start":{"line":21,"column":18},"end":{"line":21,"column":64}},"12":{"start":{"line":22,"column":18},"end":{"line":22,"column":74}},"13":{"start":{"line":23,"column":19},"end":{"line":23,"column":35}},"14":{"start":{"line":24,"column":4},"end":{"line":24,"column":55}},"15":{"start":{"line":25,"column":4},"end":{"line":25,"column":28}},"16":{"start":{"line":27,"column":23},"end":{"line":27,"column":95}},"17":{"start":{"line":28,"column":4},"end":{"line":28,"column":96}},"18":{"start":{"line":29,"column":4},"end":{"line":32,"column":7}},"19":{"start":{"line":39,"column":20},"end":{"line":59,"column":1}},"20":{"start":{"line":40,"column":2},"end":{"line":58,"column":3}},"21":{"start":{"line":41,"column":21},"end":{"line":41,"column":45}},"22":{"start":{"line":42,"column":19},"end":{"line":42,"column":38}},"23":{"start":{"line":43,"column":4},"end":{"line":45,"column":5}},"24":{"start":{"line":44,"column":6},"end":{"line":44,"column":42}},"25":{"start":{"line":47,"column":16},"end":{"line":47,"column":64}},"26":{"start":{"line":48,"column":17},"end":{"line":48,"column":33}},"27":{"start":{"line":49,"column":4},"end":{"line":49,"column":46}},"28":{"start":{"line":50,"column":4},"end":{"line":50,"column":19}},"29":{"start":{"line":52,"column":23},"end":{"line":52,"column":92}},"30":{"start":{"line":53,"column":4},"end":{"line":53,"column":99}},"31":{"start":{"line":54,"column":4},"end":{"line":57,"column":7}},"32":{"start":{"line":64,"column":19},"end":{"line":88,"column":1}},"33":{"start":{"line":65,"column":2},"end":{"line":87,"column":3}},"34":{"start":{"line":67,"column":23},"end":{"line":67,"column":45}},"35":{"start":{"line":68,"column":4},"end":{"line":73,"column":5}},"36":{"start":{"line":69,"column":6},"end":{"line":69,"column":108}},"37":{"start":{"line":70,"column":6},"end":{"line":72,"column":9}},"38":{"start":{"line":75,"column":16},"end":{"line":78,"column":6}},"39":{"start":{"line":79,"column":17},"end":{"line":79,"column":33}},"40":{"start":{"line":80,"column":4},"end":{"line":80,"column":30}},"41":{"start":{"line":81,"column":4},"end":{"line":81,"column":31}},"42":{"start":{"line":83,"column":23},"end":{"line":83,"column":86}},"43":{"start":{"line":84,"column":22},"end":{"line":84,"column":80}},"44":{"start":{"line":85,"column":4},"end":{"line":85,"column":90}},"45":{"start":{"line":86,"column":4},"end":{"line":86,"column":58}},"46":{"start":{"line":90,"column":0},"end":{"line":94,"column":2}}},"fnMap":{"0":{"name":"(anonymous_0)","decl":{"start":{"line":11,"column":20},"end":{"line":11,"column":21}},"loc":{"start":{"line":11,"column":40},"end":{"line":34,"column":1}},"line":11},"1":{"name":"(anonymous_1)","decl":{"start":{"line":39,"column":20},"end":{"line":39,"column":21}},"loc":{"start":{"line":39,"column":40},"end":{"line":59,"column":1}},"line":39},"2":{"name":"(anonymous_2)","decl":{"start":{"line":64,"column":19},"end":{"line":64,"column":20}},"loc":{"start":{"line":64,"column":39},"end":{"line":88,"column":1}},"line":64}},"branchMap":{"0":{"loc":{"start":{"line":14,"column":4},"end":{"line":16,"column":5}},"type":"if","locations":[{"start":{"line":14,"column":4},"end":{"line":16,"column":5}},{"start":{},"end":{}}],"line":14},"1":{"loc":{"start":{"line":21,"column":18},"end":{"line":21,"column":64}},"type":"binary-expr","locations":[{"start":{"line":21,"column":18},"end":{"line":21,"column":33}},{"start":{"line":21,"column":37},"end":{"line":21,"column":58}},{"start":{"line":21,"column":62},"end":{"line":21,"column":64}}],"line":21},"2":{"loc":{"start":{"line":22,"column":18},"end":{"line":22,"column":74}},"type":"binary-expr","locations":[{"start":{"line":22,"column":18},"end":{"line":22,"column":33}},{"start":{"line":22,"column":37},"end":{"line":22,"column":58}},{"start":{"line":22,"column":62},"end":{"line":22,"column":74}}],"line":22},"3":{"loc":{"start":{"line":27,"column":23},"end":{"line":27,"column":95}},"type":"binary-expr","locations":[{"start":{"line":27,"column":23},"end":{"line":27,"column":39}},{"start":{"line":27,"column":44},"end":{"line":27,"column":94}}],"line":27},"4":{"loc":{"start":{"line":27,"column":44},"end":{"line":27,"column":94}},"type":"cond-expr","locations":[{"start":{"line":27,"column":85},"end":{"line":27,"column":88}},{"start":{"line":27,"column":91},"end":{"line":27,"column":94}}],"line":27},"5":{"loc":{"start":{"line":30,"column":13},"end":{"line":30,"column":53}},"type":"binary-expr","locations":[{"start":{"line":30,"column":13},"end":{"line":30,"column":26}},{"start":{"line":30,"column":30},"end":{"line":30,"column":53}}],"line":30},"6":{"loc":{"start":{"line":31,"column":12},"end":{"line":31,"column":41}},"type":"binary-expr","locations":[{"start":{"line":31,"column":12},"end":{"line":31,"column":22}},{"start":{"line":31,"column":26},"end":{"line":31,"column":41}}],"line":31},"7":{"loc":{"start":{"line":43,"column":4},"end":{"line":45,"column":5}},"type":"if","locations":[{"start":{"line":43,"column":4},"end":{"line":45,"column":5}},{"start":{},"end":{}}],"line":43},"8":{"loc":{"start":{"line":48,"column":17},"end":{"line":48,"column":33}},"type":"binary-expr","locations":[{"start":{"line":48,"column":17},"end":{"line":48,"column":26}},{"start":{"line":48,"column":30},"end":{"line":48,"column":33}}],"line":48},"9":{"loc":{"start":{"line":52,"column":23},"end":{"line":52,"column":92}},"type":"binary-expr","locations":[{"start":{"line":52,"column":23},"end":{"line":52,"column":39}},{"start":{"line":52,"column":44},"end":{"line":52,"column":91}}],"line":52},"10":{"loc":{"start":{"line":52,"column":44},"end":{"line":52,"column":91}},"type":"cond-expr","locations":[{"start":{"line":52,"column":82},"end":{"line":52,"column":85}},{"start":{"line":52,"column":88},"end":{"line":52,"column":91}}],"line":52},"11":{"loc":{"start":{"line":55,"column":13},"end":{"line":55,"column":46}},"type":"binary-expr","locations":[{"start":{"line":55,"column":13},"end":{"line":55,"column":26}},{"start":{"line":55,"column":30},"end":{"line":55,"column":46}}],"line":55},"12":{"loc":{"start":{"line":56,"column":12},"end":{"line":56,"column":37}},"type":"binary-expr","locations":[{"start":{"line":56,"column":12},"end":{"line":56,"column":22}},{"start":{"line":56,"column":26},"end":{"line":56,"column":37}}],"line":56},"13":{"loc":{"start":{"line":68,"column":4},"end":{"line":73,"column":5}},"type":"if","locations":[{"start":{"line":68,"column":4},"end":{"line":73,"column":5}},{"start":{},"end":{}}],"line":68},"14":{"loc":{"start":{"line":79,"column":17},"end":{"line":79,"column":33}},"type":"binary-expr","locations":[{"start":{"line":79,"column":17},"end":{"line":79,"column":26}},{"start":{"line":79,"column":30},"end":{"line":79,"column":33}}],"line":79},"15":{"loc":{"start":{"line":83,"column":23},"end":{"line":83,"column":86}},"type":"binary-expr","locations":[{"start":{"line":83,"column":23},"end":{"line":83,"column":39}},{"start":{"line":83,"column":44},"end":{"line":83,"column":85}}],"line":83},"16":{"loc":{"start":{"line":83,"column":44},"end":{"line":83,"column":85}},"type":"cond-expr","locations":[{"start":{"line":83,"column":76},"end":{"line":83,"column":79}},{"start":{"line":83,"column":82},"end":{"line":83,"column":85}}],"line":83},"17":{"loc":{"start":{"line":84,"column":22},"end":{"line":84,"column":80}},"type":"cond-expr","locations":[{"start":{"line":84,"column":43},"end":{"line":84,"column":60}},{"start":{"line":84,"column":63},"end":{"line":84,"column":80}}],"line":84}},"s":{"0":1,"1":1,"2":1,"3":1,"4":1,"5":1,"6":2,"7":2,"8":2,"9":0,"10":2,"11":1,"12":1,"13":1,"14":1,"15":1,"16":1,"17":1,"18":1,"19":1,"20":2,"21":2,"22":2,"23":2,"24":0,"25":2,"26":1,"27":1,"28":1,"29":1,"30":1,"31":1,"32":1,"33":2,"34":2,"35":2,"36":1,"37":1,"38":1,"39":1,"40":1,"41":1,"42":0,"43":0,"44":0,"45":0,"46":1},"f":{"0":2,"1":2,"2":2},"b":{"0":[0,2],"1":[1,0,0],"2":[1,0,0],"3":[1,1],"4":[1,0],"5":[1,0],"6":[1,1],"7":[0,2],"8":[1,1],"9":[1,0],"10":[0,0],"11":[1,0],"12":[1,1],"13":[1,1],"14":[1,1],"15":[0,0],"16":[0,0],"17":[0,0]},"_coverageSchema":"1a1c01bbd47fc00a2c39e90264f33305004495a9","hash":"a4aac957de9f049a4210acb8ca93c94430cb4b3c"}
,"/Users/sachinsharma/Downloads/GoTest/node-backend/middleware/errorHandler.js": {"path":"/Users/sachinsharma/Downloads/GoTest/node-backend/middleware/errorHandler.js","statementMap":{"0":{"start":{"line":4,"column":15},"end":{"line":4,"column":41}},"1":{"start":{"line":6,"column":21},"end":{"line":13,"column":1}},"2":{"start":{"line":7,"column":2},"end":{"line":7,"column":86}},"3":{"start":{"line":8,"column":2},"end":{"line":8,"column":43}},"4":{"start":{"line":10,"column":2},"end":{"line":12,"column":5}},"5":{"start":{"line":18,"column":24},"end":{"line":22,"column":1}},"6":{"start":{"line":19,"column":2},"end":{"line":19,"column":76}},"7":{"start":{"line":21,"column":2},"end":{"line":21,"column":53}},"8":{"start":{"line":24,"column":0},"end":{"line":27,"column":2}}},"fnMap":{"0":{"name":"(anonymous_0)","decl":{"start":{"line":6,"column":21},"end":{"line":6,"column":22}},"loc":{"start":{"line":6,"column":46},"end":{"line":13,"column":1}},"line":6},"1":{"name":"(anonymous_1)","decl":{"start":{"line":18,"column":24},"end":{"line":18,"column":25}},"loc":{"start":{"line":18,"column":38},"end":{"line":22,"column":1}},"line":18}},"branchMap":{"0":{"loc":{"start":{"line":7,"column":47},"end":{"line":7,"column":68}},"type":"binary-expr","locations":[{"start":{"line":7,"column":47},"end":{"line":7,"column":61}},{"start":{"line":7,"column":65},"end":{"line":7,"column":68}}],"line":7},"1":{"loc":{"start":{"line":10,"column":13},"end":{"line":10,"column":34}},"type":"binary-expr","locations":[{"start":{"line":10,"column":13},"end":{"line":10,"column":27}},{"start":{"line":10,"column":31},"end":{"line":10,"column":34}}],"line":10},"2":{"loc":{"start":{"line":11,"column":11},"end":{"line":11,"column":49}},"type":"binary-expr","locations":[{"start":{"line":11,"column":11},"end":{"line":11,"column":22}},{"start":{"line":11,"column":26},"end":{"line":11,"column":49}}],"line":11}},"s":{"0":1,"1":1,"2":0,"3":0,"4":0,"5":1,"6":2,"7":2,"8":1},"f":{"0":0,"1":2},"b":{"0":[0,0],"1":[0,0],"2":[0,0]},"_coverageSchema":"1a1c01bbd47fc00a2c39e90264f33305004495a9","hash":"52b89c68c29d76fa3dadc3ca78784dd2f2c0f983"}
,"/Users/sachinsharma/Downloads/GoTest/node-backend/middleware/logger.js": {"path":"/Users/sachinsharma/Downloads/GoTest/node-backend/middleware/logger.js","statementMap":{"0":{"start":{"line":6,"column":15},"end":{"line":6,"column":41}},"1":{"start":{"line":8,"column":22},"end":{"line":27,"column":1}},"2":{"start":{"line":9,"column":20},"end":{"line":9,"column":30}},"3":{"start":{"line":12,"column":22},"end":{"line":12,"column":29}},"4":{"start":{"line":15,"column":2},"end":{"line":24,"column":4}},"5":{"start":{"line":17,"column":21},"end":{"line":17,"column":43}},"6":{"start":{"line":20,"column":4},"end":{"line":20,"column":77}},"7":{"start":{"line":23,"column":4},"end":{"line":23,"column":44}},"8":{"start":{"line":26,"column":2},"end":{"line":26,"column":9}},"9":{"start":{"line":29,"column":0},"end":{"line":29,"column":31}}},"fnMap":{"0":{"name":"(anonymous_0)","decl":{"start":{"line":8,"column":22},"end":{"line":8,"column":23}},"loc":{"start":{"line":8,"column":42},"end":{"line":27,"column":1}},"line":8},"1":{"name":"(anonymous_1)","decl":{"start":{"line":15,"column":12},"end":{"line":15,"column":13}},"loc":{"start":{"line":15,"column":38},"end":{"line":24,"column":3}},"line":15}},"branchMap":{},"s":{"0":1,"1":1,"2":19,"3":19,"4":19,"5":19,"6":19,"7":19,"8":19,"9":1},"f":{"0":19,"1":19},"b":{},"_coverageSchema":"1a1c01bbd47fc00a2c39e90264f33305004495a9","hash":"12c6b991287cdfb001762c5cb46cd55a0e380242"}
,"/Users/sachinsharma/Downloads/GoTest/node-backend/routes/cache.js": {"path":"/Users/sachinsharma/Downloads/GoTest/node-backend/routes/cache.js","statementMap":{"0":{"start":{"line":1,"column":16},"end":{"line":1,"column":34}},"1":{"start":{"line":2,"column":15},"end":{"line":2,"column":31}},"2":{"start":{"line":3,"column":24},"end":{"line":3,"column":65}},"3":{"start":{"line":5,"column":0},"end":{"line":5,"column":52}},"4":{"start":{"line":7,"column":0},"end":{"line":7,"column":24}}},"fnMap":{},"branchMap":{},"s":{"0":1,"1":1,"2":1,"3":1,"4":1},"f":{},"b":{},"_coverageSchema":"1a1c01bbd47fc00a2c39e90264f33305004495a9","hash":"1bf17b4ebcf76e3a97af2c0d5924299b3343bf1e"}
,"/Users/sachinsharma/Downloads/GoTest/node-backend/routes/health.js": {"path":"/Users/sachinsharma/Downloads/GoTest/node-backend/routes/health.js","statementMap":{"0":{"start":{"line":1,"column":16},"end":{"line":1,"column":34}},"1":{"start":{"line":2,"column":15},"end":{"line":2,"column":31}},"2":{"start":{"line":3,"column":25},"end":{"line":3,"column":67}},"3":{"start":{"line":5,"column":0},"end":{"line":5,"column":50}},"4":{"start":{"line":7,"column":0},"end":{"line":7,"column":24}}},"fnMap":{},"branchMap":{},"s":{"0":1,"1":1,"2":1,"3":1,"4":1},"f":{},"b":{},"_coverageSchema":"1a1c01bbd47fc00a2c39e90264f33305004495a9","hash":"ef49ddc2858288e462d8e1b932119ce0a16937e2"}
,"/Users/sachinsharma/Downloads/GoTest/node-backend/routes/index.js": {"path":"/Users/sachinsharma/Downloads/GoTest/node-backend/routes/index.js","statementMap":{"0":{"start":{"line":1,"column":16},"end":{"line":1,"column":34}},"1":{"start":{"line":2,"column":15},"end":{"line":2,"column":31}},"2":{"start":{"line":4,"column":21},"end":{"line":4,"column":40}},"3":{"start":{"line":5,"column":19},"end":{"line":5,"column":37}},"4":{"start":{"line":6,"column":19},"end":{"line":6,"column":37}},"5":{"start":{"line":7,"column":20},"end":{"line":7,"column":38}},"6":{"start":{"line":8,"column":22},"end":{"line":8,"column":43}},"7":{"start":{"line":9,"column":20},"end":{"line":9,"column":38}},"8":{"start":{"line":12,"column":0},"end":{"line":12,"column":30}},"9":{"start":{"line":13,"column":0},"end":{"line":13,"column":37}},"10":{"start":{"line":14,"column":0},"end":{"line":14,"column":37}},"11":{"start":{"line":15,"column":0},"end":{"line":15,"column":38}},"12":{"start":{"line":16,"column":0},"end":{"line":16,"column":38}},"13":{"start":{"line":17,"column":0},"end":{"line":17,"column":43}},"14":{"start":{"line":19,"column":0},"end":{"line":19,"column":24}}},"fnMap":{},"branchMap":{},"s":{"0":1,"1":1,"2":1,"3":1,"4":1,"5":1,"6":1,"7":1,"8":1,"9":1,"10":1,"11":1,"12":1,"13":1,"14":1},"f":{},"b":{},"_coverageSchema":"1a1c01bbd47fc00a2c39e90264f33305004495a9","hash":"787a8648e1434aff002dbb4637a33818a0424c42"}
,"/Users/sachinsharma/Downloads/GoTest/node-backend/routes/products.js": {"path":"/Users/sachinsharma/Downloads/GoTest/node-backend/routes/products.js","statementMap":{"0":{"start":{"line":2,"column":16},"end":{"line":2,"column":34}},"1":{"start":{"line":3,"column":15},"end":{"line":3,"column":31}},"2":{"start":{"line":4,"column":15},"end":{"line":4,"column":32}},"3":{"start":{"line":5,"column":23},"end":{"line":5,"column":60}},"4":{"start":{"line":6,"column":26},"end":{"line":6,"column":69}},"5":{"start":{"line":8,"column":16},"end":{"line":15,"column":4}},"6":{"start":{"line":10,"column":6},"end":{"line":10,"column":27}},"7":{"start":{"line":13,"column":6},"end":{"line":13,"column":53}},"8":{"start":{"line":17,"column":15},"end":{"line":17,"column":43}},"9":{"start":{"line":19,"column":0},"end":{"line":19,"column":80}},"10":{"start":{"line":21,"column":0},"end":{"line":21,"column":56}},"11":{"start":{"line":23,"column":0},"end":{"line":23,"column":65}},"12":{"start":{"line":24,"column":0},"end":{"line":24,"column":71}},"13":{"start":{"line":27,"column":0},"end":{"line":27,"column":66}},"14":{"start":{"line":29,"column":0},"end":{"line":29,"column":24}}},"fnMap":{"0":{"name":"(anonymous_0)","decl":{"start":{"line":9,"column":17},"end":{"line":9,"column":18}},"loc":{"start":{"line":9,"column":42},"end":{"line":11,"column":5}},"line":9},"1":{"name":"(anonymous_1)","decl":{"start":{"line":12,"column":14},"end":{"line":12,"column":15}},"loc":{"start":{"line":12,"column":39},"end":{"line":14,"column":5}},"line":12}},"branchMap":{},"s":{"0":1,"1":1,"2":1,"3":1,"4":1,"5":1,"6":0,"7":0,"8":1,"9":1,"10":1,"11":1,"12":1,"13":1,"14":1},"f":{"0":0,"1":0},"b":{},"_coverageSchema":"1a1c01bbd47fc00a2c39e90264f33305004495a9","hash":"e7b6390104bfe2eb9d151c893f4fcc12494d615e"}
,"/Users/sachinsharma/Downloads/GoTest/node-backend/routes/stats.js": {"path":"/Users/sachinsharma/Downloads/GoTest/node-backend/routes/stats.js","statementMap":{"0":{"start":{"line":1,"column":16},"end":{"line":1,"column":34}},"1":{"start":{"line":2,"column":15},"end":{"line":2,"column":31}},"2":{"start":{"line":3,"column":24},"end":{"line":3,"column":65}},"3":{"start":{"line":5,"column":0},"end":{"line":5,"column":42}},"4":{"start":{"line":6,"column":0},"end":{"line":6,"column":52}},"5":{"start":{"line":8,"column":0},"end":{"line":8,"column":24}}},"fnMap":{},"branchMap":{},"s":{"0":1,"1":1,"2":1,"3":1,"4":1,"5":1},"f":{},"b":{},"_coverageSchema":"1a1c01bbd47fc00a2c39e90264f33305004495a9","hash":"b13718c3db44398262409cdc66ca452953bfbbf5"}
,"/Users/sachinsharma/Downloads/GoTest/node-backend/routes/tasks.js": {"path":"/Users/sachinsharma/Downloads/GoTest/node-backend/routes/tasks.js","statementMap":{"0":{"start":{"line":1,"column":16},"end":{"line":1,"column":34}},"1":{"start":{"line":2,"column":15},"end":{"line":2,"column":31}},"2":{"start":{"line":3,"column":23},"end":{"line":3,"column":63}},"3":{"start":{"line":5,"column":0},"end":{"line":5,"column":44}},"4":{"start":{"line":6,"column":0},"end":{"line":6,"column":44}},"5":{"start":{"line":7,"column":0},"end":{"line":7,"column":46}},"6":{"start":{"line":9,"column":0},"end":{"line":9,"column":24}}},"fnMap":{},"branchMap":{},"s":{"0":1,"1":1,"2":1,"3":1,"4":1,"5":1,"6":1},"f":{},"b":{},"_coverageSchema":"1a1c01bbd47fc00a2c39e90264f33305004495a9","hash":"2c4de96624d47359820a958a92aa549aa05770d2"}
,"/Users/sachinsharma/Downloads/GoTest/node-backend/routes/users.js": {"path":"/Users/sachinsharma/Downloads/GoTest/node-backend/routes/users.js","statementMap":{"0":{"start":{"line":1,"column":16},"end":{"line":1,"column":34}},"1":{"start":{"line":2,"column":15},"end":{"line":2,"column":31}},"2":{"start":{"line":3,"column":23},"end":{"line":3,"column":63}},"3":{"start":{"line":5,"column":0},"end":{"line":5,"column":44}},"4":{"start":{"line":6,"column":0},"end":{"line":6,"column":47}},"5":{"start":{"line":7,"column":0},"end":{"line":7,"column":44}},"6":{"start":{"line":9,"column":0},"end":{"line":9,"column":24}}},"fnMap":{},"branchMap":{},"s":{"0":1,"1":1,"2":1,"3":1,"4":1,"5":1,"6":1},"f":{},"b":{},"_coverageSchema":"1a1c01bbd47fc00a2c39e90264f33305004495a9","hash":"9913db0682cc67318d7313cc55fb346cb8e88908"}
,"/Users/sachinsharma/Downloads/GoTest/node-backend/utils/cache.js": {"path":"/Users/sachinsharma/Downloads/GoTest/node-backend/utils/cache.js","statementMap":{"0":{"start":{"line":6,"column":15},"end":{"line":6,"column":28}},"1":{"start":{"line":8,"column":14},"end":{"line":8,"column":23}},"2":{"start":{"line":9,"column":14},"end":{"line":9,"column":67}},"3":{"start":{"line":12,"column":14},"end":{"line":12,"column":24}},"4":{"start":{"line":13,"column":2},"end":{"line":18,"column":3}},"5":{"start":{"line":14,"column":4},"end":{"line":17,"column":5}},"6":{"start":{"line":15,"column":6},"end":{"line":15,"column":24}},"7":{"start":{"line":16,"column":6},"end":{"line":16,"column":24}},"8":{"start":{"line":19,"column":2},"end":{"line":19,"column":34}},"9":{"start":{"line":23,"column":0},"end":{"line":23,"column":39}},"10":{"start":{"line":26,"column":16},"end":{"line":26,"column":30}},"11":{"start":{"line":27,"column":2},"end":{"line":30,"column":3}},"12":{"start":{"line":28,"column":4},"end":{"line":28,"column":19}},"13":{"start":{"line":29,"column":4},"end":{"line":29,"column":16}},"14":{"start":{"line":31,"column":2},"end":{"line":36,"column":3}},"15":{"start":{"line":32,"column":4},"end":{"line":32,"column":22}},"16":{"start":{"line":33,"column":4},"end":{"line":33,"column":19}},"17":{"start":{"line":34,"column":4},"end":{"line":34,"column":22}},"18":{"start":{"line":35,"column":4},"end":{"line":35,"column":16}},"19":{"start":{"line":37,"column":2},"end":{"line":37,"column":15}},"20":{"start":{"line":38,"column":2},"end":{"line":38,"column":21}},"21":{"start":{"line":42,"column":20},"end":{"line":42,"column":59}},"22":{"start":{"line":43,"column":2},"end":{"line":43,"column":39}},"23":{"start":{"line":44,"column":2},"end":{"line":44,"column":34}},"24":{"start":{"line":48,"column":2},"end":{"line":53,"column":3}},"25":{"start":{"line":49,"column":4},"end":{"line":52,"column":5}},"26":{"start":{"line":50,"column":6},"end":{"line":50,"column":24}},"27":{"start":{"line":51,"column":6},"end":{"line":51,"column":24}},"28":{"start":{"line":54,"column":2},"end":{"line":54,"column":34}},"29":{"start":{"line":58,"column":2},"end":{"line":58,"column":34}},"30":{"start":{"line":59,"column":2},"end":{"line":59,"column":22}},"31":{"start":{"line":62,"column":0},"end":{"line":67,"column":2}}},"fnMap":{"0":{"name":"cleanupExpired","decl":{"start":{"line":11,"column":9},"end":{"line":11,"column":23}},"loc":{"start":{"line":11,"column":26},"end":{"line":20,"column":1}},"line":11},"1":{"name":"get","decl":{"start":{"line":25,"column":9},"end":{"line":25,"column":12}},"loc":{"start":{"line":25,"column":18},"end":{"line":39,"column":1}},"line":25},"2":{"name":"set","decl":{"start":{"line":41,"column":9},"end":{"line":41,"column":12}},"loc":{"start":{"line":41,"column":25},"end":{"line":45,"column":1}},"line":41},"3":{"name":"invalidate","decl":{"start":{"line":47,"column":9},"end":{"line":47,"column":19}},"loc":{"start":{"line":47,"column":29},"end":{"line":55,"column":1}},"line":47},"4":{"name":"getStats","decl":{"start":{"line":57,"column":9},"end":{"line":57,"column":17}},"loc":{"start":{"line":57,"column":20},"end":{"line":60,"column":1}},"line":57}},"branchMap":{"0":{"loc":{"start":{"line":14,"column":4},"end":{"line":17,"column":5}},"type":"if","locations":[{"start":{"line":14,"column":4},"end":{"line":17,"column":5}},{"start":{},"end":{}}],"line":14},"1":{"loc":{"start":{"line":14,"column":8},"end":{"line":14,"column":48}},"type":"binary-expr","locations":[{"start":{"line":14,"column":8},"end":{"line":14,"column":23}},{"start":{"line":14,"column":27},"end":{"line":14,"column":48}}],"line":14},"2":{"loc":{"start":{"line":27,"column":2},"end":{"line":30,"column":3}},"type":"if","locations":[{"start":{"line":27,"column":2},"end":{"line":30,"column":3}},{"start":{},"end":{}}],"line":27},"3":{"loc":{"start":{"line":31,"column":2},"end":{"line":36,"column":3}},"type":"if","locations":[{"start":{"line":31,"column":2},"end":{"line":36,"column":3}},{"start":{},"end":{}}],"line":31},"4":{"loc":{"start":{"line":31,"column":6},"end":{"line":31,"column":53}},"type":"binary-expr","locations":[{"start":{"line":31,"column":6},"end":{"line":31,"column":21}},{"start":{"line":31,"column":25},"end":{"line":31,"column":53}}],"line":31},"5":{"loc":{"start":{"line":42,"column":20},"end":{"line":42,"column":59}},"type":"cond-expr","locations":[{"start":{"line":42,"column":33},"end":{"line":42,"column":52}},{"start":{"line":42,"column":55},"end":{"line":42,"column":59}}],"line":42},"6":{"loc":{"start":{"line":49,"column":4},"end":{"line":52,"column":5}},"type":"if","locations":[{"start":{"line":49,"column":4},"end":{"line":52,"column":5}},{"start":{},"end":{}}],"line":49}},"s":{"0":2,"1":2,"2":2,"3":0,"4":0,"5":0,"6":0,"7":0,"8":0,"9":2,"10":13,"11":13,"12":10,"13":10,"14":3,"15":0,"16":0,"17":0,"18":0,"19":3,"20":3,"21":11,"22":11,"23":11,"24":43,"25":15,"26":9,"27":9,"28":43,"29":2,"30":2,"31":2},"f":{"0":0,"1":13,"2":11,"3":43,"4":2},"b":{"0":[0,0],"1":[0,0],"2":[10,3],"3":[0,3],"4":[3,3],"5":[11,0],"6":[9,6]},"_coverageSchema":"1a1c01bbd47fc00a2c39e90264f33305004495a9","hash":"3966b6adc18c16b2379511ab4f15ecb91e35d850"}
,"/Users/sachinsharma/Downloads/GoTest/node-backend/utils/httpClient.js": {"path":"/Users/sachinsharma/Downloads/GoTest/node-backend/utils/httpClient.js","statementMap":{"0":{"start":{"line":1,"column":13},"end":{"line":1,"column":28}},"1":{"start":{"line":2,"column":15},"end":{"line":2,"column":35}},"2":{"start":{"line":3,"column":15},"end":{"line":3,"column":34}},"3":{"start":{"line":12,"column":2},"end":{"line":69,"column":5}},"4":{"start":{"line":13,"column":22},"end":{"line":13,"column":32}},"5":{"start":{"line":14,"column":16},"end":{"line":14,"column":52}},"6":{"start":{"line":15,"column":27},"end":{"line":24,"column":5}},"7":{"start":{"line":26,"column":16},"end":{"line":56,"column":6}},"8":{"start":{"line":27,"column":17},"end":{"line":27,"column":19}},"9":{"start":{"line":28,"column":6},"end":{"line":30,"column":9}},"10":{"start":{"line":29,"column":8},"end":{"line":29,"column":22}},"11":{"start":{"line":31,"column":6},"end":{"line":55,"column":9}},"12":{"start":{"line":32,"column":25},"end":{"line":32,"column":47}},"13":{"start":{"line":34,"column":8},"end":{"line":54,"column":9}},"14":{"start":{"line":35,"column":10},"end":{"line":35,"column":83}},"15":{"start":{"line":36,"column":10},"end":{"line":40,"column":11}},"16":{"start":{"line":37,"column":12},"end":{"line":37,"column":38}},"17":{"start":{"line":39,"column":12},"end":{"line":39,"column":26}},"18":{"start":{"line":42,"column":10},"end":{"line":42,"column":100}},"19":{"start":{"line":43,"column":24},"end":{"line":43,"column":89}},"20":{"start":{"line":44,"column":10},"end":{"line":44,"column":44}},"21":{"start":{"line":45,"column":10},"end":{"line":45,"column":36}},"22":{"start":{"line":46,"column":10},"end":{"line":52,"column":11}},"23":{"start":{"line":47,"column":30},"end":{"line":47,"column":46}},"24":{"start":{"line":48,"column":12},"end":{"line":48,"column":40}},"25":{"start":{"line":49,"column":12},"end":{"line":49,"column":82}},"26":{"start":{"line":53,"column":10},"end":{"line":53,"column":24}},"27":{"start":{"line":58,"column":4},"end":{"line":62,"column":7}},"28":{"start":{"line":59,"column":23},"end":{"line":59,"column":45}},"29":{"start":{"line":60,"column":6},"end":{"line":60,"column":92}},"30":{"start":{"line":61,"column":6},"end":{"line":61,"column":20}},"31":{"start":{"line":64,"column":4},"end":{"line":66,"column":5}},"32":{"start":{"line":65,"column":6},"end":{"line":65,"column":46}},"33":{"start":{"line":68,"column":4},"end":{"line":68,"column":14}},"34":{"start":{"line":72,"column":0},"end":{"line":72,"column":33}}},"fnMap":{"0":{"name":"makeRequest","decl":{"start":{"line":11,"column":9},"end":{"line":11,"column":20}},"loc":{"start":{"line":11,"column":41},"end":{"line":70,"column":1}},"line":11},"1":{"name":"(anonymous_1)","decl":{"start":{"line":12,"column":21},"end":{"line":12,"column":22}},"loc":{"start":{"line":12,"column":42},"end":{"line":69,"column":3}},"line":12},"2":{"name":"(anonymous_2)","decl":{"start":{"line":26,"column":45},"end":{"line":26,"column":46}},"loc":{"start":{"line":26,"column":54},"end":{"line":56,"column":5}},"line":26},"3":{"name":"(anonymous_3)","decl":{"start":{"line":28,"column":21},"end":{"line":28,"column":22}},"loc":{"start":{"line":28,"column":32},"end":{"line":30,"column":7}},"line":28},"4":{"name":"(anonymous_4)","decl":{"start":{"line":31,"column":20},"end":{"line":31,"column":21}},"loc":{"start":{"line":31,"column":26},"end":{"line":55,"column":7}},"line":31},"5":{"name":"(anonymous_5)","decl":{"start":{"line":58,"column":20},"end":{"line":58,"column":21}},"loc":{"start":{"line":58,"column":31},"end":{"line":62,"column":5}},"line":58}},"branchMap":{"0":{"loc":{"start":{"line":11,"column":27},"end":{"line":11,"column":39}},"type":"default-arg","locations":[{"start":{"line":11,"column":37},"end":{"line":11,"column":39}}],"line":11},"1":{"loc":{"start":{"line":17,"column":12},"end":{"line":17,"column":28}},"type":"binary-expr","locations":[{"start":{"line":17,"column":12},"end":{"line":17,"column":20}},{"start":{"line":17,"column":24},"end":{"line":17,"column":28}}],"line":17},"2":{"loc":{"start":{"line":19,"column":14},"end":{"line":19,"column":37}},"type":"binary-expr","locations":[{"start":{"line":19,"column":14},"end":{"line":19,"column":28}},{"start":{"line":19,"column":32},"end":{"line":19,"column":37}}],"line":19},"3":{"loc":{"start":{"line":34,"column":8},"end":{"line":54,"column":9}},"type":"if","locations":[{"start":{"line":34,"column":8},"end":{"line":54,"column":9}},{"start":{"line":41,"column":15},"end":{"line":54,"column":9}}],"line":34},"4":{"loc":{"start":{"line":34,"column":12},"end":{"line":34,"column":57}},"type":"binary-expr","locations":[{"start":{"line":34,"column":12},"end":{"line":34,"column":33}},{"start":{"line":34,"column":37},"end":{"line":34,"column":57}}],"line":34},"5":{"loc":{"start":{"line":43,"column":34},"end":{"line":43,"column":88}},"type":"binary-expr","locations":[{"start":{"line":43,"column":34},"end":{"line":43,"column":38}},{"start":{"line":43,"column":42},"end":{"line":43,"column":88}}],"line":43},"6":{"loc":{"start":{"line":49,"column":28},"end":{"line":49,"column":81}},"type":"binary-expr","locations":[{"start":{"line":49,"column":28},"end":{"line":49,"column":43}},{"start":{"line":49,"column":47},"end":{"line":49,"column":64}},{"start":{"line":49,"column":68},"end":{"line":49,"column":81}}],"line":49},"7":{"loc":{"start":{"line":64,"column":4},"end":{"line":66,"column":5}},"type":"if","locations":[{"start":{"line":64,"column":4},"end":{"line":66,"column":5}},{"start":{},"end":{}}],"line":64}},"s":{"0":0,"1":0,"2":0,"3":0,"4":0,"5":0,"6":0,"7":0,"8":0,"9":0,"10":0,"11":0,"12":0,"13":0,"14":0,"15":0,"16":0,"17":0,"18":0,"19":0,"20":0,"21":0,"22":0,"23":0,"24":0,"25":0,"26":0,"27":0,"28":0,"29":0,"30":0,"31":0,"32":0,"33":0,"34":0},"f":{"0":0,"1":0,"2":0,"3":0,"4":0,"5":0},"b":{"0":[0],"1":[0,0],"2":[0,0],"3":[0,0],"4":[0,0],"5":[0,0],"6":[0,0,0],"7":[0,0]}}
,"/Users/sachinsharma/Downloads/GoTest/node-backend/utils/logger.js": {"path":"/Users/sachinsharma/Downloads/GoTest/node-backend/utils/logger.js","statementMap":{"0":{"start":{"line":8,"column":4},"end":{"line":8,"column":52}},"1":{"start":{"line":15,"column":22},"end":{"line":15,"column":81}},"2":{"start":{"line":16,"column":24},"end":{"line":16,"column":82}},"3":{"start":{"line":17,"column":4},"end":{"line":17,"column":65}},"4":{"start":{"line":24,"column":20},"end":{"line":24,"column":82}},"5":{"start":{"line":25,"column":4},"end":{"line":25,"column":25}},"6":{"start":{"line":32,"column":20},"end":{"line":32,"column":95}},"7":{"start":{"line":33,"column":4},"end":{"line":33,"column":25}},"8":{"start":{"line":40,"column":22},"end":{"line":40,"column":81}},"9":{"start":{"line":41,"column":20},"end":{"line":41,"column":148}},"10":{"start":{"line":42,"column":4},"end":{"line":42,"column":27}},"11":{"start":{"line":49,"column":23},"end":{"line":49,"column":97}},"12":{"start":{"line":50,"column":4},"end":{"line":50,"column":29}},"13":{"start":{"line":57,"column":22},"end":{"line":57,"column":81}},"14":{"start":{"line":58,"column":20},"end":{"line":58,"column":147}},"15":{"start":{"line":59,"column":4},"end":{"line":59,"column":25}},"16":{"start":{"line":66,"column":22},"end":{"line":66,"column":81}},"17":{"start":{"line":67,"column":4},"end":{"line":67,"column":92}},"18":{"start":{"line":68,"column":4},"end":{"line":68,"column":76}},"19":{"start":{"line":69,"column":4},"end":{"line":69,"column":56}},"20":{"start":{"line":70,"column":4},"end":{"line":70,"column":78}},"21":{"start":{"line":77,"column":22},"end":{"line":77,"column":81}},"22":{"start":{"line":78,"column":4},"end":{"line":82,"column":5}},"23":{"start":{"line":79,"column":6},"end":{"line":79,"column":88}},"24":{"start":{"line":81,"column":6},"end":{"line":81,"column":77}},"25":{"start":{"line":86,"column":0},"end":{"line":86,"column":30}}},"fnMap":{"0":{"name":"(anonymous_0)","decl":{"start":{"line":7,"column":2},"end":{"line":7,"column":3}},"loc":{"start":{"line":7,"column":16},"end":{"line":9,"column":3}},"line":7},"1":{"name":"(anonymous_1)","decl":{"start":{"line":14,"column":2},"end":{"line":14,"column":3}},"loc":{"start":{"line":14,"column":73},"end":{"line":18,"column":3}},"line":14},"2":{"name":"(anonymous_2)","decl":{"start":{"line":23,"column":2},"end":{"line":23,"column":3}},"loc":{"start":{"line":23,"column":49},"end":{"line":26,"column":3}},"line":23},"3":{"name":"(anonymous_3)","decl":{"start":{"line":31,"column":2},"end":{"line":31,"column":3}},"loc":{"start":{"line":31,"column":49},"end":{"line":34,"column":3}},"line":31},"4":{"name":"(anonymous_4)","decl":{"start":{"line":39,"column":2},"end":{"line":39,"column":3}},"loc":{"start":{"line":39,"column":72},"end":{"line":43,"column":3}},"line":39},"5":{"name":"(anonymous_5)","decl":{"start":{"line":48,"column":2},"end":{"line":48,"column":3}},"loc":{"start":{"line":48,"column":58},"end":{"line":51,"column":3}},"line":48},"6":{"name":"(anonymous_6)","decl":{"start":{"line":56,"column":2},"end":{"line":56,"column":3}},"loc":{"start":{"line":56,"column":23},"end":{"line":60,"column":3}},"line":56},"7":{"name":"(anonymous_7)","decl":{"start":{"line":65,"column":2},"end":{"line":65,"column":3}},"loc":{"start":{"line":65,"column":33},"end":{"line":71,"column":3}},"line":65},"8":{"name":"(anonymous_8)","decl":{"start":{"line":76,"column":2},"end":{"line":76,"column":3}},"loc":{"start":{"line":76,"column":49},"end":{"line":83,"column":3}},"line":76}},"branchMap":{"0":{"loc":{"start":{"line":8,"column":20},"end":{"line":8,"column":51}},"type":"binary-expr","locations":[{"start":{"line":8,"column":20},"end":{"line":8,"column":41}},{"start":{"line":8,"column":45},"end":{"line":8,"column":51}}],"line":8},"1":{"loc":{"start":{"line":14,"column":59},"end":{"line":14,"column":71}},"type":"default-arg","locations":[{"start":{"line":14,"column":69},"end":{"line":14,"column":71}}],"line":14},"2":{"loc":{"start":{"line":17,"column":11},"end":{"line":17,"column":64}},"type":"cond-expr","locations":[{"start":{"line":17,"column":21},"end":{"line":17,"column":50}},{"start":{"line":17,"column":53},"end":{"line":17,"column":64}}],"line":17},"3":{"loc":{"start":{"line":76,"column":35},"end":{"line":76,"column":47}},"type":"default-arg","locations":[{"start":{"line":76,"column":43},"end":{"line":76,"column":47}}],"line":76},"4":{"loc":{"start":{"line":78,"column":4},"end":{"line":82,"column":5}},"type":"if","locations":[{"start":{"line":78,"column":4},"end":{"line":82,"column":5}},{"start":{"line":80,"column":11},"end":{"line":82,"column":5}}],"line":78}},"s":{"0":1,"1":21,"2":21,"3":21,"4":19,"5":19,"6":0,"7":0,"8":5,"9":5,"10":5,"11":2,"12":2,"13":0,"14":0,"15":0,"16":0,"17":0,"18":0,"19":0,"20":0,"21":0,"22":0,"23":0,"24":0,"25":1},"f":{"0":1,"1":21,"2":19,"3":0,"4":5,"5":2,"6":0,"7":0,"8":0},"b":{"0":[1,1],"1":[19],"2":[2,19],"3":[0],"4":[0,0]},"_coverageSchema":"1a1c01bbd47fc00a2c39e90264f33305004495a9","hash":"c85b85613d1763a0378891b80876741252bb61e8"}
,"/Users/sachinsharma/Downloads/GoTest/node-backend/utils/validation.js": {"path":"/Users/sachinsharma/Downloads/GoTest/node-backend/utils/validation.js","statementMap":{"0":{"start":{"line":10,"column":21},"end":{"line":43,"column":1}},"1":{"start":{"line":11,"column":17},"end":{"line":11,"column":19}},"2":{"start":{"line":14,"column":2},"end":{"line":16,"column":3}},"3":{"start":{"line":15,"column":4},"end":{"line":15,"column":36}},"4":{"start":{"line":18,"column":2},"end":{"line":20,"column":3}},"5":{"start":{"line":19,"column":4},"end":{"line":19,"column":37}},"6":{"start":{"line":22,"column":2},"end":{"line":24,"column":3}},"7":{"start":{"line":23,"column":4},"end":{"line":23,"column":36}},"8":{"start":{"line":27,"column":2},"end":{"line":29,"column":3}},"9":{"start":{"line":28,"column":4},"end":{"line":28,"column":55}},"10":{"start":{"line":32,"column":2},"end":{"line":37,"column":3}},"11":{"start":{"line":33,"column":23},"end":{"line":33,"column":73}},"12":{"start":{"line":34,"column":4},"end":{"line":36,"column":5}},"13":{"start":{"line":35,"column":6},"end":{"line":35,"column":42}},"14":{"start":{"line":39,"column":2},"end":{"line":42,"column":4}},"15":{"start":{"line":50,"column":21},"end":{"line":86,"column":1}},"16":{"start":{"line":51,"column":17},"end":{"line":51,"column":19}},"17":{"start":{"line":54,"column":2},"end":{"line":56,"column":3}},"18":{"start":{"line":55,"column":4},"end":{"line":55,"column":37}},"19":{"start":{"line":58,"column":2},"end":{"line":60,"column":3}},"20":{"start":{"line":59,"column":4},"end":{"line":59,"column":38}},"21":{"start":{"line":62,"column":2},"end":{"line":64,"column":3}},"22":{"start":{"line":63,"column":4},"end":{"line":63,"column":39}},"23":{"start":{"line":67,"column":2},"end":{"line":72,"column":3}},"24":{"start":{"line":68,"column":26},"end":{"line":68,"column":65}},"25":{"start":{"line":69,"column":4},"end":{"line":71,"column":5}},"26":{"start":{"line":70,"column":6},"end":{"line":70,"column":76}},"27":{"start":{"line":75,"column":2},"end":{"line":80,"column":3}},"28":{"start":{"line":76,"column":19},"end":{"line":76,"column":44}},"29":{"start":{"line":77,"column":4},"end":{"line":79,"column":5}},"30":{"start":{"line":78,"column":6},"end":{"line":78,"column":55}},"31":{"start":{"line":82,"column":2},"end":{"line":85,"column":4}},"32":{"start":{"line":93,"column":27},"end":{"line":121,"column":1}},"33":{"start":{"line":94,"column":17},"end":{"line":94,"column":19}},"34":{"start":{"line":97,"column":2},"end":{"line":102,"column":3}},"35":{"start":{"line":98,"column":26},"end":{"line":98,"column":65}},"36":{"start":{"line":99,"column":4},"end":{"line":101,"column":5}},"37":{"start":{"line":100,"column":6},"end":{"line":100,"column":76}},"38":{"start":{"line":105,"column":2},"end":{"line":110,"column":3}},"39":{"start":{"line":106,"column":19},"end":{"line":106,"column":44}},"40":{"start":{"line":107,"column":4},"end":{"line":109,"column":5}},"41":{"start":{"line":108,"column":6},"end":{"line":108,"column":55}},"42":{"start":{"line":113,"column":2},"end":{"line":115,"column":3}},"43":{"start":{"line":114,"column":4},"end":{"line":114,"column":41}},"44":{"start":{"line":117,"column":2},"end":{"line":120,"column":4}},"45":{"start":{"line":123,"column":0},"end":{"line":127,"column":2}}},"fnMap":{"0":{"name":"(anonymous_0)","decl":{"start":{"line":10,"column":21},"end":{"line":10,"column":22}},"loc":{"start":{"line":10,"column":35},"end":{"line":43,"column":1}},"line":10},"1":{"name":"(anonymous_1)","decl":{"start":{"line":50,"column":21},"end":{"line":50,"column":22}},"loc":{"start":{"line":50,"column":35},"end":{"line":86,"column":1}},"line":50},"2":{"name":"(anonymous_2)","decl":{"start":{"line":93,"column":27},"end":{"line":93,"column":28}},"loc":{"start":{"line":93,"column":41},"end":{"line":121,"column":1}},"line":93}},"branchMap":{"0":{"loc":{"start":{"line":14,"column":2},"end":{"line":16,"column":3}},"type":"if","locations":[{"start":{"line":14,"column":2},"end":{"line":16,"column":3}},{"start":{},"end":{}}],"line":14},"1":{"loc":{"start":{"line":14,"column":6},"end":{"line":14,"column":51}},"type":"binary-expr","locations":[{"start":{"line":14,"column":6},"end":{"line":14,"column":20}},{"start":{"line":14,"column":24},"end":{"line":14,"column":51}}],"line":14},"2":{"loc":{"start":{"line":18,"column":2},"end":{"line":20,"column":3}},"type":"if","locations":[{"start":{"line":18,"column":2},"end":{"line":20,"column":3}},{"start":{},"end":{}}],"line":18},"3":{"loc":{"start":{"line":18,"column":6},"end":{"line":18,"column":53}},"type":"binary-expr","locations":[{"start":{"line":18,"column":6},"end":{"line":18,"column":21}},{"start":{"line":18,"column":25},"end":{"line":18,"column":53}}],"line":18},"4":{"loc":{"start":{"line":22,"column":2},"end":{"line":24,"column":3}},"type":"if","locations":[{"start":{"line":22,"column":2},"end":{"line":24,"column":3}},{"start":{},"end":{}}],"line":22},"5":{"loc":{"start":{"line":22,"column":6},"end":{"line":22,"column":51}},"type":"binary-expr","locations":[{"start":{"line":22,"column":6},"end":{"line":22,"column":20}},{"start":{"line":22,"column":24},"end":{"line":22,"column":51}}],"line":22},"6":{"loc":{"start":{"line":27,"column":2},"end":{"line":29,"column":3}},"type":"if","locations":[{"start":{"line":27,"column":2},"end":{"line":29,"column":3}},{"start":{},"end":{}}],"line":27},"7":{"loc":{"start":{"line":27,"column":6},"end":{"line":27,"column":49}},"type":"binary-expr","locations":[{"start":{"line":27,"column":6},"end":{"line":27,"column":19}},{"start":{"line":27,"column":23},"end":{"line":27,"column":49}}],"line":27},"8":{"loc":{"start":{"line":32,"column":2},"end":{"line":37,"column":3}},"type":"if","locations":[{"start":{"line":32,"column":2},"end":{"line":37,"column":3}},{"start":{},"end":{}}],"line":32},"9":{"loc":{"start":{"line":34,"column":4},"end":{"line":36,"column":5}},"type":"if","locations":[{"start":{"line":34,"column":4},"end":{"line":36,"column":5}},{"start":{},"end":{}}],"line":34},"10":{"loc":{"start":{"line":54,"column":2},"end":{"line":56,"column":3}},"type":"if","locations":[{"start":{"line":54,"column":2},"end":{"line":56,"column":3}},{"start":{},"end":{}}],"line":54},"11":{"loc":{"start":{"line":54,"column":6},"end":{"line":54,"column":53}},"type":"binary-expr","locations":[{"start":{"line":54,"column":6},"end":{"line":54,"column":21}},{"start":{"line":54,"column":25},"end":{"line":54,"column":53}}],"line":54},"12":{"loc":{"start":{"line":58,"column":2},"end":{"line":60,"column":3}},"type":"if","locations":[{"start":{"line":58,"column":2},"end":{"line":60,"column":3}},{"start":{},"end":{}}],"line":58},"13":{"loc":{"start":{"line":58,"column":6},"end":{"line":58,"column":55}},"type":"binary-expr","locations":[{"start":{"line":58,"column":6},"end":{"line":58,"column":22}},{"start":{"line":58,"column":26},"end":{"line":58,"column":55}}],"line":58},"14":{"loc":{"start":{"line":62,"column":2},"end":{"line":64,"column":3}},"type":"if","locations":[{"start":{"line":62,"column":2},"end":{"line":64,"column":3}},{"start":{},"end":{}}],"line":62},"15":{"loc":{"start":{"line":62,"column":6},"end":{"line":62,"column":48}},"type":"binary-expr","locations":[{"start":{"line":62,"column":6},"end":{"line":62,"column":22}},{"start":{"line":62,"column":26},"end":{"line":62,"column":48}}],"line":62},"16":{"loc":{"start":{"line":67,"column":2},"end":{"line":72,"column":3}},"type":"if","locations":[{"start":{"line":67,"column":2},"end":{"line":72,"column":3}},{"start":{},"end":{}}],"line":67},"17":{"loc":{"start":{"line":69,"column":4},"end":{"line":71,"column":5}},"type":"if","locations":[{"start":{"line":69,"column":4},"end":{"line":71,"column":5}},{"start":{},"end":{}}],"line":69},"18":{"loc":{"start":{"line":75,"column":2},"end":{"line":80,"column":3}},"type":"if","locations":[{"start":{"line":75,"column":2},"end":{"line":80,"column":3}},{"start":{},"end":{}}],"line":75},"19":{"loc":{"start":{"line":77,"column":4},"end":{"line":79,"column":5}},"type":"if","locations":[{"start":{"line":77,"column":4},"end":{"line":79,"column":5}},{"start":{},"end":{}}],"line":77},"20":{"loc":{"start":{"line":77,"column":8},"end":{"line":77,"column":36}},"type":"binary-expr","locations":[{"start":{"line":77,"column":8},"end":{"line":77,"column":21}},{"start":{"line":77,"column":25},"end":{"line":77,"column":36}}],"line":77},"21":{"loc":{"start":{"line":97,"column":2},"end":{"line":102,"column":3}},"type":"if","locations":[{"start":{"line":97,"column":2},"end":{"line":102,"column":3}},{"start":{},"end":{}}],"line":97},"22":{"loc":{"start":{"line":99,"column":4},"end":{"line":101,"column":5}},"type":"if","locations":[{"start":{"line":99,"column":4},"end":{"line":101,"column":5}},{"start":{},"end":{}}],"line":99},"23":{"loc":{"start":{"line":105,"column":2},"end":{"line":110,"column":3}},"type":"if","locations":[{"start":{"line":105,"column":2},"end":{"line":110,"column":3}},{"start":{},"end":{}}],"line":105},"24":{"loc":{"start":{"line":107,"column":4},"end":{"line":109,"column":5}},"type":"if","locations":[{"start":{"line":107,"column":4},"end":{"line":109,"column":5}},{"start":{},"end":{}}],"line":107},"25":{"loc":{"start":{"line":107,"column":8},"end":{"line":107,"column":36}},"type":"binary-expr","locations":[{"start":{"line":107,"column":8},"end":{"line":107,"column":21}},{"start":{"line":107,"column":25},"end":{"line":107,"column":36}}],"line":107},"26":{"loc":{"start":{"line":113,"column":2},"end":{"line":115,"column":3}},"type":"if","locations":[{"start":{"line":113,"column":2},"end":{"line":115,"column":3}},{"start":{},"end":{}}],"line":113},"27":{"loc":{"start":{"line":113,"column":6},"end":{"line":113,"column":52}},"type":"binary-expr","locations":[{"start":{"line":113,"column":6},"end":{"line":113,"column":20}},{"start":{"line":113,"column":24},"end":{"line":113,"column":52}}],"line":113}},"s":{"0":2,"1":8,"2":8,"3":2,"4":8,"5":1,"6":8,"7":1,"8":8,"9":1,"10":8,"11":7,"12":7,"13":1,"14":8,"15":2,"16":8,"17":8,"18":2,"19":8,"20":1,"21":8,"22":2,"23":8,"24":7,"25":7,"26":1,"27":8,"28":6,"29":6,"30":0,"31":8,"32":2,"33":7,"34":7,"35":4,"36":4,"37":2,"38":7,"39":1,"40":1,"41":1,"42":7,"43":1,"44":7,"45":2},"f":{"0":8,"1":8,"2":7},"b":{"0":[2,6],"1":[8,6],"2":[1,7],"3":[8,7],"4":[1,7],"5":[8,7],"6":[1,7],"7":[8,6],"8":[7,1],"9":[1,6],"10":[2,6],"11":[8,6],"12":[1,7],"13":[8,7],"14":[2,6],"15":[8,6],"16":[7,1],"17":[1,6],"18":[6,2],"19":[0,6],"20":[6,6],"21":[4,3],"22":[2,2],"23":[1,6],"24":[1,0],"25":[1,1],"26":[1,6],"27":[7,2]},"_coverageSchema":"1a1c01bbd47fc00a2c39e90264f33305004495a9","hash":"cf33b63384eb0126477b028ad14a17ada284bc25"}
}
