TN:
SF:app.js
FN:25,(anonymous_0)
FNF:1
FNH:0
FNDA:0,(anonymous_0)
DA:1,1
DA:2,1
DA:3,1
DA:4,1
DA:5,1
DA:6,1
DA:7,1
DA:9,1
DA:12,1
DA:13,1
DA:14,1
DA:17,1
DA:20,1
DA:21,1
DA:24,1
DA:25,0
DA:26,0
DA:30,1
LF:18
LH:16
BRDA:24,0,0,0
BRDA:24,0,1,1
BRF:2
BRH:1
end_of_record
TN:
SF:config/index.js
FNF:0
FNH:0
DA:1,2
LF:1
LH:1
BRDA:2,0,0,2
BRDA:2,0,1,2
BRDA:3,1,0,2
BRDA:3,1,1,2
BRDA:4,2,0,2
BRDA:4,2,1,0
BRF:6
BRH:5
end_of_record
TN:
SF:controllers/cacheController.js
FN:6,(anonymous_0)
FNF:1
FNH:1
FNDA:1,(anonymous_0)
DA:1,1
DA:6,1
DA:7,1
DA:8,0
DA:10,1
DA:11,1
DA:14,1
LF:7
LH:6
BRDA:7,0,0,0
BRDA:7,0,1,1
BRF:2
BRH:1
end_of_record
TN:
SF:controllers/healthController.js
FN:6,(anonymous_0)
FNF:1
FNH:1
FNDA:2,(anonymous_0)
DA:1,1
DA:6,1
DA:7,2
DA:9,2
DA:10,1
DA:16,1
DA:24,1
LF:7
LH:7
BRF:0
BRH:0
end_of_record
TN:
SF:controllers/productController.js
FN:3,(anonymous_0)
FN:32,(anonymous_1)
FN:43,(anonymous_2)
FN:68,(anonymous_3)
FN:89,(anonymous_4)
FN:109,(anonymous_5)
FN:120,(anonymous_6)
FN:124,(anonymous_7)
FNF:8
FNH:1
FNDA:0,(anonymous_0)
FNDA:0,(anonymous_1)
FNDA:0,(anonymous_2)
FNDA:0,(anonymous_3)
FNDA:0,(anonymous_4)
FNDA:0,(anonymous_5)
FNDA:1,(anonymous_6)
FNDA:0,(anonymous_7)
DA:1,1
DA:2,1
DA:3,1
DA:4,0
DA:6,0
DA:7,0
DA:8,0
DA:9,0
DA:17,0
DA:18,0
DA:20,0
DA:21,0
DA:23,0
DA:24,0
DA:28,1
DA:29,1
DA:30,1
DA:31,1
DA:32,1
DA:33,0
DA:34,0
DA:35,0
DA:37,0
DA:38,0
DA:43,1
DA:44,0
DA:45,0
DA:47,0
DA:48,0
DA:50,0
DA:51,0
DA:55,0
DA:58,0
DA:59,0
DA:61,0
DA:63,0
DA:64,0
DA:68,1
DA:69,0
DA:71,0
DA:72,0
DA:74,0
DA:75,0
DA:79,0
DA:81,0
DA:82,0
DA:84,0
DA:85,0
DA:89,1
DA:90,0
DA:92,0
DA:93,0
DA:95,0
DA:96,0
DA:100,0
DA:102,0
DA:103,0
DA:105,0
DA:106,0
DA:109,1
DA:110,0
DA:111,0
DA:112,0
DA:114,0
DA:116,0
DA:117,0
DA:120,1
DA:121,1
DA:122,0
DA:124,1
DA:125,0
DA:126,0
DA:128,0
DA:130,0
DA:132,0
DA:133,0
DA:137,0
DA:138,0
DA:139,0
DA:142,0
DA:144,0
DA:149,0
DA:150,0
LF:83
LH:15
BRDA:7,0,0,0
BRDA:7,0,1,0
BRDA:50,1,0,0
BRDA:50,1,1,0
BRDA:74,2,0,0
BRDA:74,2,1,0
BRDA:95,3,0,0
BRDA:95,3,1,0
BRDA:132,4,0,0
BRDA:132,4,1,0
BRF:10
BRH:0
end_of_record
TN:
SF:controllers/statsController.js
FN:8,(anonymous_0)
FN:49,(anonymous_1)
FNF:2
FNH:1
FNDA:2,(anonymous_0)
FNDA:0,(anonymous_1)
DA:1,1
DA:2,1
DA:3,1
DA:8,1
DA:9,2
DA:10,2
DA:13,2
DA:14,2
DA:15,1
DA:22,1
DA:23,1
DA:24,1
DA:25,0
DA:26,0
DA:27,0
DA:28,0
DA:29,0
DA:36,1
DA:38,0
DA:39,0
DA:49,1
DA:50,0
DA:51,0
DA:52,0
DA:53,0
DA:54,0
DA:56,0
DA:60,1
LF:28
LH:15
BRDA:13,0,0,2
BRDA:13,0,1,2
BRDA:14,1,0,1
BRDA:14,1,1,1
BRDA:22,2,0,1
BRDA:22,2,1,0
BRDA:24,3,0,0
BRDA:24,3,1,1
BRDA:27,4,0,0
BRDA:27,4,1,0
BRDA:27,4,2,0
BRDA:28,5,0,0
BRDA:28,5,1,0
BRDA:38,6,0,0
BRDA:38,6,1,0
BRDA:38,7,0,0
BRDA:38,7,1,0
BRDA:40,8,0,0
BRDA:40,8,1,0
BRDA:41,9,0,0
BRDA:41,9,1,0
BRDA:52,10,0,0
BRDA:52,10,1,0
BRDA:53,11,0,0
BRDA:53,11,1,0
BRF:25
BRH:6
end_of_record
TN:
SF:controllers/taskController.js
FN:9,(anonymous_0)
FN:59,(anonymous_1)
FN:84,(anonymous_2)
FN:113,(anonymous_3)
FNF:4
FNH:3
FNDA:2,(anonymous_0)
FNDA:0,(anonymous_1)
FNDA:2,(anonymous_2)
FNDA:2,(anonymous_3)
DA:1,1
DA:2,1
DA:3,1
DA:4,1
DA:9,1
DA:10,2
DA:11,2
DA:12,2
DA:13,2
DA:15,2
DA:16,2
DA:17,1
DA:18,1
DA:19,1
DA:20,1
DA:23,2
DA:26,2
DA:27,2
DA:28,2
DA:31,2
DA:32,2
DA:33,2
DA:34,0
DA:35,0
DA:36,0
DA:41,2
DA:42,2
DA:45,2
DA:47,0
DA:48,0
DA:49,0
DA:59,1
DA:60,0
DA:61,0
DA:62,0
DA:63,0
DA:64,0
DA:67,0
DA:68,0
DA:69,0
DA:70,0
DA:72,0
DA:73,0
DA:74,0
DA:84,1
DA:85,2
DA:87,2
DA:88,2
DA:89,1
DA:90,1
DA:95,1
DA:99,1
DA:100,1
DA:101,1
DA:103,0
DA:104,0
DA:105,0
DA:106,0
DA:113,1
DA:114,2
DA:116,2
DA:117,2
DA:118,1
DA:119,1
DA:124,1
DA:128,1
DA:129,1
DA:130,1
DA:132,0
DA:133,0
DA:134,0
DA:136,0
DA:137,0
DA:138,0
DA:139,0
DA:144,1
LF:76
LH:47
BRDA:11,0,0,2
BRDA:11,0,1,1
BRDA:12,1,0,2
BRDA:12,1,1,1
BRDA:13,2,0,1
BRDA:13,2,1,1
BRDA:13,3,0,2
BRDA:13,3,1,1
BRDA:16,4,0,1
BRDA:16,4,1,1
BRDA:16,5,0,2
BRDA:16,5,1,1
BRDA:18,6,0,1
BRDA:18,6,1,0
BRDA:19,7,0,1
BRDA:19,7,1,0
BRDA:26,8,0,2
BRDA:26,8,1,0
BRDA:26,8,2,0
BRDA:27,9,0,2
BRDA:27,9,1,0
BRDA:27,9,2,0
BRDA:33,10,0,0
BRDA:33,10,1,2
BRDA:36,11,0,0
BRDA:36,11,1,0
BRDA:36,11,2,0
BRDA:41,12,0,2
BRDA:41,12,1,0
BRDA:41,13,0,2
BRDA:41,13,1,0
BRDA:47,14,0,0
BRDA:47,14,1,0
BRDA:47,15,0,0
BRDA:47,15,1,0
BRDA:50,16,0,0
BRDA:50,16,1,0
BRDA:51,17,0,0
BRDA:51,17,1,0
BRDA:63,18,0,0
BRDA:63,18,1,0
BRDA:68,19,0,0
BRDA:68,19,1,0
BRDA:72,20,0,0
BRDA:72,20,1,0
BRDA:72,21,0,0
BRDA:72,21,1,0
BRDA:75,22,0,0
BRDA:75,22,1,0
BRDA:76,23,0,0
BRDA:76,23,1,0
BRDA:88,24,0,1
BRDA:88,24,1,1
BRDA:99,25,0,1
BRDA:99,25,1,1
BRDA:103,26,0,0
BRDA:103,26,1,0
BRDA:103,27,0,0
BRDA:103,27,1,0
BRDA:104,28,0,0
BRDA:104,28,1,0
BRDA:117,29,0,1
BRDA:117,29,1,1
BRDA:128,30,0,1
BRDA:128,30,1,1
BRDA:132,31,0,0
BRDA:132,31,1,0
BRDA:132,32,0,0
BRDA:132,32,1,0
BRDA:136,33,0,0
BRDA:136,33,1,0
BRDA:136,34,0,0
BRDA:136,34,1,0
BRDA:137,35,0,0
BRDA:137,35,1,0
BRF:75
BRH:27
end_of_record
TN:
SF:controllers/userController.js
FN:11,(anonymous_0)
FN:39,(anonymous_1)
FN:64,(anonymous_2)
FNF:3
FNH:3
FNDA:2,(anonymous_0)
FNDA:2,(anonymous_1)
FNDA:2,(anonymous_2)
DA:1,1
DA:2,1
DA:3,1
DA:4,1
DA:6,1
DA:11,1
DA:12,2
DA:13,2
DA:14,2
DA:15,0
DA:18,2
DA:21,1
DA:22,1
DA:23,1
DA:24,1
DA:25,1
DA:27,1
DA:28,1
DA:29,1
DA:39,1
DA:40,2
DA:41,2
DA:42,2
DA:43,2
DA:44,0
DA:47,2
DA:48,1
DA:49,1
DA:50,1
DA:52,1
DA:53,1
DA:54,1
DA:64,1
DA:65,2
DA:67,2
DA:68,2
DA:69,1
DA:70,1
DA:75,1
DA:79,1
DA:80,1
DA:81,1
DA:83,0
DA:84,0
DA:85,0
DA:86,0
DA:90,1
LF:47
LH:41
BRDA:14,0,0,0
BRDA:14,0,1,2
BRDA:21,1,0,1
BRDA:21,1,1,0
BRDA:21,1,2,0
BRDA:22,2,0,1
BRDA:22,2,1,0
BRDA:22,2,2,0
BRDA:27,3,0,1
BRDA:27,3,1,1
BRDA:27,4,0,1
BRDA:27,4,1,0
BRDA:30,5,0,1
BRDA:30,5,1,0
BRDA:31,6,0,1
BRDA:31,6,1,1
BRDA:43,7,0,0
BRDA:43,7,1,2
BRDA:48,8,0,1
BRDA:48,8,1,1
BRDA:52,9,0,1
BRDA:52,9,1,0
BRDA:52,10,0,0
BRDA:52,10,1,0
BRDA:55,11,0,1
BRDA:55,11,1,0
BRDA:56,12,0,1
BRDA:56,12,1,1
BRDA:68,13,0,1
BRDA:68,13,1,1
BRDA:79,14,0,1
BRDA:79,14,1,1
BRDA:83,15,0,0
BRDA:83,15,1,0
BRDA:83,16,0,0
BRDA:83,16,1,0
BRDA:84,17,0,0
BRDA:84,17,1,0
BRF:38
BRH:20
end_of_record
TN:
SF:middleware/errorHandler.js
FN:6,(anonymous_0)
FN:18,(anonymous_1)
FNF:2
FNH:1
FNDA:0,(anonymous_0)
FNDA:2,(anonymous_1)
DA:4,1
DA:6,1
DA:7,0
DA:8,0
DA:10,0
DA:18,1
DA:19,2
DA:21,2
DA:24,1
LF:9
LH:6
BRDA:7,0,0,0
BRDA:7,0,1,0
BRDA:10,1,0,0
BRDA:10,1,1,0
BRDA:11,2,0,0
BRDA:11,2,1,0
BRF:6
BRH:0
end_of_record
TN:
SF:middleware/logger.js
FN:8,(anonymous_0)
FN:15,(anonymous_1)
FNF:2
FNH:2
FNDA:19,(anonymous_0)
FNDA:19,(anonymous_1)
DA:6,1
DA:8,1
DA:9,19
DA:12,19
DA:15,19
DA:17,19
DA:20,19
DA:23,19
DA:26,19
DA:29,1
LF:10
LH:10
BRF:0
BRH:0
end_of_record
TN:
SF:routes/cache.js
FNF:0
FNH:0
DA:1,1
DA:2,1
DA:3,1
DA:5,1
DA:7,1
LF:5
LH:5
BRF:0
BRH:0
end_of_record
TN:
SF:routes/health.js
FNF:0
FNH:0
DA:1,1
DA:2,1
DA:3,1
DA:5,1
DA:7,1
LF:5
LH:5
BRF:0
BRH:0
end_of_record
TN:
SF:routes/index.js
FNF:0
FNH:0
DA:1,1
DA:2,1
DA:4,1
DA:5,1
DA:6,1
DA:7,1
DA:8,1
DA:9,1
DA:12,1
DA:13,1
DA:14,1
DA:15,1
DA:16,1
DA:17,1
DA:19,1
LF:15
LH:15
BRF:0
BRH:0
end_of_record
TN:
SF:routes/products.js
FN:9,(anonymous_0)
FN:12,(anonymous_1)
FNF:2
FNH:0
FNDA:0,(anonymous_0)
FNDA:0,(anonymous_1)
DA:2,1
DA:3,1
DA:4,1
DA:5,1
DA:6,1
DA:8,1
DA:10,0
DA:13,0
DA:17,1
DA:19,1
DA:21,1
DA:23,1
DA:24,1
DA:27,1
DA:29,1
LF:15
LH:13
BRF:0
BRH:0
end_of_record
TN:
SF:routes/stats.js
FNF:0
FNH:0
DA:1,1
DA:2,1
DA:3,1
DA:5,1
DA:6,1
DA:8,1
LF:6
LH:6
BRF:0
BRH:0
end_of_record
TN:
SF:routes/tasks.js
FNF:0
FNH:0
DA:1,1
DA:2,1
DA:3,1
DA:5,1
DA:6,1
DA:7,1
DA:9,1
LF:7
LH:7
BRF:0
BRH:0
end_of_record
TN:
SF:routes/users.js
FNF:0
FNH:0
DA:1,1
DA:2,1
DA:3,1
DA:5,1
DA:6,1
DA:7,1
DA:9,1
LF:7
LH:7
BRF:0
BRH:0
end_of_record
TN:
SF:utils/cache.js
FN:11,cleanupExpired
FN:25,get
FN:41,set
FN:47,invalidate
FN:57,getStats
FNF:5
FNH:4
FNDA:0,cleanupExpired
FNDA:13,get
FNDA:11,set
FNDA:43,invalidate
FNDA:2,getStats
DA:6,2
DA:8,2
DA:9,2
DA:12,0
DA:13,0
DA:14,0
DA:15,0
DA:16,0
DA:19,0
DA:23,2
DA:26,13
DA:27,13
DA:28,10
DA:29,10
DA:31,3
DA:32,0
DA:33,0
DA:34,0
DA:35,0
DA:37,3
DA:38,3
DA:42,11
DA:43,11
DA:44,11
DA:48,43
DA:49,15
DA:50,9
DA:51,9
DA:54,43
DA:58,2
DA:59,2
DA:62,2
LF:32
LH:22
BRDA:14,0,0,0
BRDA:14,0,1,0
BRDA:14,1,0,0
BRDA:14,1,1,0
BRDA:27,2,0,10
BRDA:27,2,1,3
BRDA:31,3,0,0
BRDA:31,3,1,3
BRDA:31,4,0,3
BRDA:31,4,1,3
BRDA:42,5,0,11
BRDA:42,5,1,0
BRDA:49,6,0,9
BRDA:49,6,1,6
BRF:14
BRH:8
end_of_record
TN:
SF:utils/httpClient.js
FN:11,makeRequest
FN:12,(anonymous_1)
FN:26,(anonymous_2)
FN:28,(anonymous_3)
FN:31,(anonymous_4)
FN:58,(anonymous_5)
FNF:6
FNH:0
FNDA:0,makeRequest
FNDA:0,(anonymous_1)
FNDA:0,(anonymous_2)
FNDA:0,(anonymous_3)
FNDA:0,(anonymous_4)
FNDA:0,(anonymous_5)
DA:1,0
DA:2,0
DA:3,0
DA:12,0
DA:13,0
DA:14,0
DA:15,0
DA:26,0
DA:27,0
DA:28,0
DA:29,0
DA:31,0
DA:32,0
DA:34,0
DA:35,0
DA:36,0
DA:37,0
DA:39,0
DA:42,0
DA:43,0
DA:44,0
DA:45,0
DA:46,0
DA:47,0
DA:48,0
DA:49,0
DA:53,0
DA:58,0
DA:59,0
DA:60,0
DA:61,0
DA:64,0
DA:65,0
DA:68,0
DA:72,0
LF:35
LH:0
BRDA:11,0,0,0
BRDA:17,1,0,0
BRDA:17,1,1,0
BRDA:19,2,0,0
BRDA:19,2,1,0
BRDA:34,3,0,0
BRDA:34,3,1,0
BRDA:34,4,0,0
BRDA:34,4,1,0
BRDA:43,5,0,0
BRDA:43,5,1,0
BRDA:49,6,0,0
BRDA:49,6,1,0
BRDA:49,6,2,0
BRDA:64,7,0,0
BRDA:64,7,1,0
BRF:16
BRH:0
end_of_record
TN:
SF:utils/logger.js
FN:7,(anonymous_0)
FN:14,(anonymous_1)
FN:23,(anonymous_2)
FN:31,(anonymous_3)
FN:39,(anonymous_4)
FN:48,(anonymous_5)
FN:56,(anonymous_6)
FN:65,(anonymous_7)
FN:76,(anonymous_8)
FNF:9
FNH:5
FNDA:1,(anonymous_0)
FNDA:21,(anonymous_1)
FNDA:19,(anonymous_2)
FNDA:0,(anonymous_3)
FNDA:5,(anonymous_4)
FNDA:2,(anonymous_5)
FNDA:0,(anonymous_6)
FNDA:0,(anonymous_7)
FNDA:0,(anonymous_8)
DA:8,1
DA:15,21
DA:16,21
DA:17,21
DA:24,19
DA:25,19
DA:32,0
DA:33,0
DA:40,5
DA:41,5
DA:42,5
DA:49,2
DA:50,2
DA:57,0
DA:58,0
DA:59,0
DA:66,0
DA:67,0
DA:68,0
DA:69,0
DA:70,0
DA:77,0
DA:78,0
DA:79,0
DA:81,0
DA:86,1
LF:26
LH:12
BRDA:8,0,0,1
BRDA:8,0,1,1
BRDA:14,1,0,19
BRDA:17,2,0,2
BRDA:17,2,1,19
BRDA:76,3,0,0
BRDA:78,4,0,0
BRDA:78,4,1,0
BRF:8
BRH:5
end_of_record
TN:
SF:utils/validation.js
FN:10,(anonymous_0)
FN:50,(anonymous_1)
FN:93,(anonymous_2)
FNF:3
FNH:3
FNDA:8,(anonymous_0)
FNDA:8,(anonymous_1)
FNDA:7,(anonymous_2)
DA:10,2
DA:11,8
DA:14,8
DA:15,2
DA:18,8
DA:19,1
DA:22,8
DA:23,1
DA:27,8
DA:28,1
DA:32,8
DA:33,7
DA:34,7
DA:35,1
DA:39,8
DA:50,2
DA:51,8
DA:54,8
DA:55,2
DA:58,8
DA:59,1
DA:62,8
DA:63,2
DA:67,8
DA:68,7
DA:69,7
DA:70,1
DA:75,8
DA:76,6
DA:77,6
DA:78,0
DA:82,8
DA:93,2
DA:94,7
DA:97,7
DA:98,4
DA:99,4
DA:100,2
DA:105,7
DA:106,1
DA:107,1
DA:108,1
DA:113,7
DA:114,1
DA:117,7
DA:123,2
LF:46
LH:45
BRDA:14,0,0,2
BRDA:14,0,1,6
BRDA:14,1,0,8
BRDA:14,1,1,6
BRDA:18,2,0,1
BRDA:18,2,1,7
BRDA:18,3,0,8
BRDA:18,3,1,7
BRDA:22,4,0,1
BRDA:22,4,1,7
BRDA:22,5,0,8
BRDA:22,5,1,7
BRDA:27,6,0,1
BRDA:27,6,1,7
BRDA:27,7,0,8
BRDA:27,7,1,6
BRDA:32,8,0,7
BRDA:32,8,1,1
BRDA:34,9,0,1
BRDA:34,9,1,6
BRDA:54,10,0,2
BRDA:54,10,1,6
BRDA:54,11,0,8
BRDA:54,11,1,6
BRDA:58,12,0,1
BRDA:58,12,1,7
BRDA:58,13,0,8
BRDA:58,13,1,7
BRDA:62,14,0,2
BRDA:62,14,1,6
BRDA:62,15,0,8
BRDA:62,15,1,6
BRDA:67,16,0,7
BRDA:67,16,1,1
BRDA:69,17,0,1
BRDA:69,17,1,6
BRDA:75,18,0,6
BRDA:75,18,1,2
BRDA:77,19,0,0
BRDA:77,19,1,6
BRDA:77,20,0,6
BRDA:77,20,1,6
BRDA:97,21,0,4
BRDA:97,21,1,3
BRDA:99,22,0,2
BRDA:99,22,1,2
BRDA:105,23,0,1
BRDA:105,23,1,6
BRDA:107,24,0,1
BRDA:107,24,1,0
BRDA:107,25,0,1
BRDA:107,25,1,1
BRDA:113,26,0,1
BRDA:113,26,1,6
BRDA:113,27,0,7
BRDA:113,27,1,2
BRF:56
BRH:54
end_of_record
